2024-04-29 10:06:06 - [INFO] - com.tomasdev.akhanta.RestApiApplication - Starting RestApiApplication using Java 22 with PID 13396 (C:\Users\tomia\Desktop\code\akhanta-backend-2\target\classes started by tomia in C:\Users\tomia\Desktop\code\akhanta-backend-2)
2024-04-29 10:06:06 - [INFO] - com.tomasdev.akhanta.RestApiApplication - No active profile set, falling back to 1 default profile: "default"
2024-04-29 10:06:08 - [INFO] - o.s.d.repository.config.RepositoryConfigurationDelegate - Bootstrapping Spring Data MongoDB repositories in DEFAULT mode.
2024-04-29 10:06:08 - [INFO] - o.s.d.repository.config.RepositoryConfigurationDelegate - Finished Spring Data repository scanning in 175 ms. Found 5 MongoDB repository interfaces.
2024-04-29 10:06:10 - [INFO] - o.s.boot.web.embedded.tomcat.TomcatWebServer - Tomcat initialized with port 8080 (http)
2024-04-29 10:06:10 - [INFO] - org.apache.catalina.core.StandardService - Starting service [Tomcat]
2024-04-29 10:06:10 - [INFO] - org.apache.catalina.core.StandardEngine - Starting Servlet engine: [Apache Tomcat/10.1.19]
2024-04-29 10:06:10 - [INFO] - o.a.c.core.ContainerBase.[Tomcat].[localhost].[/] - Initializing Spring embedded WebApplicationContext
2024-04-29 10:06:10 - [INFO] - o.s.b.w.s.context.ServletWebServerApplicationContext - Root WebApplicationContext: initialization completed in 3368 ms
2024-04-29 10:06:11 - [INFO] - org.mongodb.driver.client - MongoClient with metadata {"application": {"name": "akhanta-test"}, "driver": {"name": "mongo-java-driver|sync|spring-boot", "version": "4.11.1"}, "os": {"type": "Windows", "name": "Windows 11", "architecture": "amd64", "version": "10.0"}, "platform": "Java/Oracle Corporation/22+36-2370"} created with settings MongoClientSettings{readPreference=primary, writeConcern=WriteConcern{w=majority, wTimeout=null ms, journal=null}, retryWrites=true, retryReads=true, readConcern=ReadConcern{level=null}, credential=MongoCredential{mechanism=null, userName='tomascaceres', source='admin', password=<hidden>, mechanismProperties=<hidden>}, transportSettings=null, streamFactoryFactory=null, commandListeners=[], codecRegistry=ProvidersCodecRegistry{codecProviders=[ValueCodecProvider{}, BsonValueCodecProvider{}, DBRefCodecProvider{}, DBObjectCodecProvider{}, DocumentCodecProvider{}, CollectionCodecProvider{}, IterableCodecProvider{}, MapCodecProvider{}, GeoJsonCodecProvider{}, GridFSFileCodecProvider{}, Jsr310CodecProvider{}, JsonObjectCodecProvider{}, BsonCodecProvider{}, EnumCodecProvider{}, com.mongodb.client.model.mql.ExpressionCodecProvider@483f286e, com.mongodb.Jep395RecordCodecProvider@4bb147ec, com.mongodb.KotlinCodecProvider@33f2cfda]}, loggerSettings=LoggerSettings{maxDocumentLength=1000}, clusterSettings={hosts=[127.0.0.1:27017], srvHost=akhanta-test.a3hcche.mongodb.net, srvServiceName=mongodb, mode=MULTIPLE, requiredClusterType=REPLICA_SET, requiredReplicaSetName='atlas-wl8l0e-shard-0', serverSelector='null', clusterListeners='[]', serverSelectionTimeout='30000 ms', localThreshold='15 ms'}, socketSettings=SocketSettings{connectTimeoutMS=10000, readTimeoutMS=0, receiveBufferSize=0, proxySettings=ProxySettings{host=null, port=null, username=null, password=null}}, heartbeatSocketSettings=SocketSettings{connectTimeoutMS=10000, readTimeoutMS=10000, receiveBufferSize=0, proxySettings=ProxySettings{host=null, port=null, username=null, password=null}}, connectionPoolSettings=ConnectionPoolSettings{maxSize=100, minSize=0, maxWaitTimeMS=120000, maxConnectionLifeTimeMS=0, maxConnectionIdleTimeMS=0, maintenanceInitialDelayMS=0, maintenanceFrequencyMS=60000, connectionPoolListeners=[], maxConnecting=2}, serverSettings=ServerSettings{heartbeatFrequencyMS=10000, minHeartbeatFrequencyMS=500, serverListeners='[]', serverMonitorListeners='[]'}, sslSettings=SslSettings{enabled=true, invalidHostNameAllowed=false, context=null}, applicationName='akhanta-test', compressorList=[], uuidRepresentation=JAVA_LEGACY, serverApi=null, autoEncryptionSettings=null, dnsClient=null, inetAddressResolver=null, contextProvider=null}
2024-04-29 10:06:11 - [INFO] - org.mongodb.driver.cluster - Adding discovered server ac-yehvzqq-shard-00-00.a3hcche.mongodb.net:27017 to client view of cluster
2024-04-29 10:06:11 - [INFO] - org.mongodb.driver.cluster - Adding discovered server ac-yehvzqq-shard-00-02.a3hcche.mongodb.net:27017 to client view of cluster
2024-04-29 10:06:11 - [INFO] - org.mongodb.driver.cluster - Adding discovered server ac-yehvzqq-shard-00-01.a3hcche.mongodb.net:27017 to client view of cluster
2024-04-29 10:06:12 - [INFO] - org.mongodb.driver.cluster - Monitor thread successfully connected to server with description ServerDescription{address=ac-yehvzqq-shard-00-02.a3hcche.mongodb.net:27017, type=REPLICA_SET_SECONDARY, state=CONNECTED, ok=true, minWireVersion=0, maxWireVersion=21, maxDocumentSize=16777216, logicalSessionTimeoutMinutes=30, roundTripTimeNanos=575240600, setName='atlas-wl8l0e-shard-0', canonicalAddress=ac-yehvzqq-shard-00-02.a3hcche.mongodb.net:27017, hosts=[ac-yehvzqq-shard-00-00.a3hcche.mongodb.net:27017, ac-yehvzqq-shard-00-01.a3hcche.mongodb.net:27017, ac-yehvzqq-shard-00-02.a3hcche.mongodb.net:27017], passives=[], arbiters=[], primary='ac-yehvzqq-shard-00-01.a3hcche.mongodb.net:27017', tagSet=TagSet{[Tag{name='availabilityZone', value='euc1-az1'}, Tag{name='diskState', value='READY'}, Tag{name='nodeType', value='ELECTABLE'}, Tag{name='provider', value='AWS'}, Tag{name='region', value='EU_CENTRAL_1'}, Tag{name='workloadType', value='OPERATIONAL'}]}, electionId=null, setVersion=49, topologyVersion=TopologyVersion{processId=662a2343e11670e5a49fa8f3, counter=5}, lastWriteDate=Mon Apr 29 10:06:11 CEST 2024, lastUpdateTimeNanos=73850143717000}
2024-04-29 10:06:12 - [INFO] - org.mongodb.driver.cluster - Monitor thread successfully connected to server with description ServerDescription{address=ac-yehvzqq-shard-00-01.a3hcche.mongodb.net:27017, type=REPLICA_SET_PRIMARY, state=CONNECTED, ok=true, minWireVersion=0, maxWireVersion=21, maxDocumentSize=16777216, logicalSessionTimeoutMinutes=30, roundTripTimeNanos=575096300, setName='atlas-wl8l0e-shard-0', canonicalAddress=ac-yehvzqq-shard-00-01.a3hcche.mongodb.net:27017, hosts=[ac-yehvzqq-shard-00-00.a3hcche.mongodb.net:27017, ac-yehvzqq-shard-00-01.a3hcche.mongodb.net:27017, ac-yehvzqq-shard-00-02.a3hcche.mongodb.net:27017], passives=[], arbiters=[], primary='ac-yehvzqq-shard-00-01.a3hcche.mongodb.net:27017', tagSet=TagSet{[Tag{name='availabilityZone', value='euc1-az3'}, Tag{name='diskState', value='READY'}, Tag{name='nodeType', value='ELECTABLE'}, Tag{name='provider', value='AWS'}, Tag{name='region', value='EU_CENTRAL_1'}, Tag{name='workloadType', value='OPERATIONAL'}]}, electionId=7fffffff0000000000000252, setVersion=49, topologyVersion=TopologyVersion{processId=662a20c1fdb5cd0ce7841e16, counter=9}, lastWriteDate=Mon Apr 29 10:06:11 CEST 2024, lastUpdateTimeNanos=73850143601500}
2024-04-29 10:06:12 - [INFO] - org.mongodb.driver.cluster - Monitor thread successfully connected to server with description ServerDescription{address=ac-yehvzqq-shard-00-00.a3hcche.mongodb.net:27017, type=REPLICA_SET_SECONDARY, state=CONNECTED, ok=true, minWireVersion=0, maxWireVersion=21, maxDocumentSize=16777216, logicalSessionTimeoutMinutes=30, roundTripTimeNanos=575088300, setName='atlas-wl8l0e-shard-0', canonicalAddress=ac-yehvzqq-shard-00-00.a3hcche.mongodb.net:27017, hosts=[ac-yehvzqq-shard-00-00.a3hcche.mongodb.net:27017, ac-yehvzqq-shard-00-01.a3hcche.mongodb.net:27017, ac-yehvzqq-shard-00-02.a3hcche.mongodb.net:27017], passives=[], arbiters=[], primary='ac-yehvzqq-shard-00-01.a3hcche.mongodb.net:27017', tagSet=TagSet{[Tag{name='availabilityZone', value='euc1-az2'}, Tag{name='diskState', value='READY'}, Tag{name='nodeType', value='ELECTABLE'}, Tag{name='provider', value='AWS'}, Tag{name='region', value='EU_CENTRAL_1'}, Tag{name='workloadType', value='OPERATIONAL'}]}, electionId=null, setVersion=49, topologyVersion=TopologyVersion{processId=662a21c7f4b48633f1be0943, counter=5}, lastWriteDate=Mon Apr 29 10:06:11 CEST 2024, lastUpdateTimeNanos=73850143601400}
2024-04-29 10:06:12 - [INFO] - org.mongodb.driver.cluster - Discovered replica set primary ac-yehvzqq-shard-00-01.a3hcche.mongodb.net:27017 with max election id 7fffffff0000000000000252 and max set version 49
2024-04-29 10:06:14 - [WARN] - o.s.b.a.s.servlet.UserDetailsServiceAutoConfiguration - 

Using generated security password: 75b143f4-dd45-4d38-94e5-4bb073613f0c

This generated password is for development use only. Your security configuration must be updated before running your application in production.

2024-04-29 10:06:15 - [INFO] - o.s.security.web.DefaultSecurityFilterChain - Will secure any request with [org.springframework.security.web.session.DisableEncodeUrlFilter@1e000a17, org.springframework.security.web.context.request.async.WebAsyncManagerIntegrationFilter@77d959f1, org.springframework.security.web.context.SecurityContextHolderFilter@78861d9e, org.springframework.security.web.header.HeaderWriterFilter@b849fa6, org.springframework.web.filter.CorsFilter@11c999da, org.springframework.security.web.authentication.logout.LogoutFilter@6297cb4b, com.tomasdev.akhanta.security.JwtAuthFilter@66d3b881, org.springframework.security.web.savedrequest.RequestCacheAwareFilter@1eabfad5, org.springframework.security.web.servletapi.SecurityContextHolderAwareRequestFilter@6207145c, org.springframework.security.web.authentication.AnonymousAuthenticationFilter@54f69311, org.springframework.security.web.session.SessionManagementFilter@12200670, org.springframework.security.web.access.ExceptionTranslationFilter@7b795db7, org.springframework.security.web.access.intercept.AuthorizationFilter@7bb25046]
2024-04-29 10:06:15 - [INFO] - o.s.boot.web.embedded.tomcat.TomcatWebServer - Tomcat started on port 8080 (http) with context path ''
2024-04-29 10:06:15 - [INFO] - com.tomasdev.akhanta.RestApiApplication - Started RestApiApplication in 10.197 seconds (process running for 11.929)
2024-04-29 10:11:18 - [INFO] - o.a.c.core.ContainerBase.[Tomcat].[localhost].[/] - Initializing Spring DispatcherServlet 'dispatcherServlet'
2024-04-29 10:11:18 - [INFO] - org.springframework.web.servlet.DispatcherServlet - Initializing Servlet 'dispatcherServlet'
2024-04-29 10:11:18 - [INFO] - org.springframework.web.servlet.DispatcherServlet - Completed initialization in 3 ms
2024-04-29 10:11:18 - [INFO] - com.tomasdev.akhanta.security.JwtAuthFilter - Applying internal jwt filter to /admin/articles
2024-04-29 10:11:18 - [ERROR] - com.tomasdev.akhanta.exceptions.GlobalExceptionHandler - TokenExpiredException - The Token has expired on 2024-04-27T20:26:39Z.
2024-04-29 10:11:46 - [INFO] - com.tomasdev.akhanta.security.JwtAuthFilter - Applying internal jwt filter to /admin/articles
2024-04-29 10:11:46 - [ERROR] - com.tomasdev.akhanta.exceptions.GlobalExceptionHandler - UnauthorizedException - Error de autenticación.
2024-04-29 14:16:08 - [INFO] - com.tomasdev.akhanta.RestApiApplication - Starting RestApiApplication using Java 22 with PID 10200 (C:\Users\tomia\Desktop\code\akhanta-backend-2\target\classes started by tomia in C:\Users\tomia\Desktop\code\akhanta-backend-2)
2024-04-29 14:16:08 - [INFO] - com.tomasdev.akhanta.RestApiApplication - No active profile set, falling back to 1 default profile: "default"
2024-04-29 14:16:09 - [INFO] - o.s.d.repository.config.RepositoryConfigurationDelegate - Bootstrapping Spring Data MongoDB repositories in DEFAULT mode.
2024-04-29 14:16:09 - [INFO] - o.s.d.repository.config.RepositoryConfigurationDelegate - Finished Spring Data repository scanning in 103 ms. Found 6 MongoDB repository interfaces.
2024-04-29 14:16:10 - [INFO] - o.s.boot.web.embedded.tomcat.TomcatWebServer - Tomcat initialized with port 8080 (http)
2024-04-29 14:16:10 - [INFO] - org.apache.catalina.core.StandardService - Starting service [Tomcat]
2024-04-29 14:16:10 - [INFO] - org.apache.catalina.core.StandardEngine - Starting Servlet engine: [Apache Tomcat/10.1.19]
2024-04-29 14:16:10 - [INFO] - o.a.c.core.ContainerBase.[Tomcat].[localhost].[/] - Initializing Spring embedded WebApplicationContext
2024-04-29 14:16:10 - [INFO] - o.s.b.w.s.context.ServletWebServerApplicationContext - Root WebApplicationContext: initialization completed in 1835 ms
2024-04-29 14:16:11 - [INFO] - org.mongodb.driver.client - MongoClient with metadata {"application": {"name": "akhanta-test"}, "driver": {"name": "mongo-java-driver|sync|spring-boot", "version": "4.11.1"}, "os": {"type": "Windows", "name": "Windows 11", "architecture": "amd64", "version": "10.0"}, "platform": "Java/Oracle Corporation/22+36-2370"} created with settings MongoClientSettings{readPreference=primary, writeConcern=WriteConcern{w=majority, wTimeout=null ms, journal=null}, retryWrites=true, retryReads=true, readConcern=ReadConcern{level=null}, credential=MongoCredential{mechanism=null, userName='tomascaceres', source='admin', password=<hidden>, mechanismProperties=<hidden>}, transportSettings=null, streamFactoryFactory=null, commandListeners=[], codecRegistry=ProvidersCodecRegistry{codecProviders=[ValueCodecProvider{}, BsonValueCodecProvider{}, DBRefCodecProvider{}, DBObjectCodecProvider{}, DocumentCodecProvider{}, CollectionCodecProvider{}, IterableCodecProvider{}, MapCodecProvider{}, GeoJsonCodecProvider{}, GridFSFileCodecProvider{}, Jsr310CodecProvider{}, JsonObjectCodecProvider{}, BsonCodecProvider{}, EnumCodecProvider{}, com.mongodb.client.model.mql.ExpressionCodecProvider@6b4125ed, com.mongodb.Jep395RecordCodecProvider@78da899f, com.mongodb.KotlinCodecProvider@e7b265e]}, loggerSettings=LoggerSettings{maxDocumentLength=1000}, clusterSettings={hosts=[127.0.0.1:27017], srvHost=akhanta-test.a3hcche.mongodb.net, srvServiceName=mongodb, mode=MULTIPLE, requiredClusterType=REPLICA_SET, requiredReplicaSetName='atlas-wl8l0e-shard-0', serverSelector='null', clusterListeners='[]', serverSelectionTimeout='30000 ms', localThreshold='15 ms'}, socketSettings=SocketSettings{connectTimeoutMS=10000, readTimeoutMS=0, receiveBufferSize=0, proxySettings=ProxySettings{host=null, port=null, username=null, password=null}}, heartbeatSocketSettings=SocketSettings{connectTimeoutMS=10000, readTimeoutMS=10000, receiveBufferSize=0, proxySettings=ProxySettings{host=null, port=null, username=null, password=null}}, connectionPoolSettings=ConnectionPoolSettings{maxSize=100, minSize=0, maxWaitTimeMS=120000, maxConnectionLifeTimeMS=0, maxConnectionIdleTimeMS=0, maintenanceInitialDelayMS=0, maintenanceFrequencyMS=60000, connectionPoolListeners=[], maxConnecting=2}, serverSettings=ServerSettings{heartbeatFrequencyMS=10000, minHeartbeatFrequencyMS=500, serverListeners='[]', serverMonitorListeners='[]'}, sslSettings=SslSettings{enabled=true, invalidHostNameAllowed=false, context=null}, applicationName='akhanta-test', compressorList=[], uuidRepresentation=JAVA_LEGACY, serverApi=null, autoEncryptionSettings=null, dnsClient=null, inetAddressResolver=null, contextProvider=null}
2024-04-29 14:16:11 - [INFO] - org.mongodb.driver.cluster - Adding discovered server ac-yehvzqq-shard-00-00.a3hcche.mongodb.net:27017 to client view of cluster
2024-04-29 14:16:11 - [INFO] - org.mongodb.driver.cluster - Adding discovered server ac-yehvzqq-shard-00-02.a3hcche.mongodb.net:27017 to client view of cluster
2024-04-29 14:16:11 - [INFO] - org.mongodb.driver.cluster - Adding discovered server ac-yehvzqq-shard-00-01.a3hcche.mongodb.net:27017 to client view of cluster
2024-04-29 14:16:12 - [ERROR] - o.s.boot.web.embedded.tomcat.TomcatStarter - Error starting Tomcat context. Exception: org.springframework.beans.factory.UnsatisfiedDependencyException. Message: Error creating bean with name 'applicationConfig' defined in file [C:\Users\tomia\Desktop\code\akhanta-backend-2\target\classes\com\tomasdev\akhanta\config\ApplicationConfig.class]: Unsatisfied dependency expressed through constructor parameter 0: Error creating bean with name 'jwtService': Unsatisfied dependency expressed through field 'jwtExpiration': Failed to convert value of type 'java.lang.String' to required type 'long'; For input string: "86400000#aday"
2024-04-29 14:16:12 - [INFO] - org.apache.catalina.core.StandardService - Stopping service [Tomcat]
2024-04-29 14:16:12 - [WARN] - org.apache.catalina.loader.WebappClassLoaderBase - The web application [ROOT] appears to have started a thread named [BufferPoolPruner-1-thread-1] but has failed to stop it. This is very likely to create a memory leak. Stack trace of thread:
 java.base/jdk.internal.misc.Unsafe.park(Native Method)
 java.base/java.util.concurrent.locks.LockSupport.parkNanos(LockSupport.java:269)
 java.base/java.util.concurrent.locks.AbstractQueuedSynchronizer$ConditionObject.awaitNanos(AbstractQueuedSynchronizer.java:1758)
 java.base/java.util.concurrent.ScheduledThreadPoolExecutor$DelayedWorkQueue.take(ScheduledThreadPoolExecutor.java:1182)
 java.base/java.util.concurrent.ScheduledThreadPoolExecutor$DelayedWorkQueue.take(ScheduledThreadPoolExecutor.java:899)
 java.base/java.util.concurrent.ThreadPoolExecutor.getTask(ThreadPoolExecutor.java:1070)
 java.base/java.util.concurrent.ThreadPoolExecutor.runWorker(ThreadPoolExecutor.java:1130)
 java.base/java.util.concurrent.ThreadPoolExecutor$Worker.run(ThreadPoolExecutor.java:642)
 java.base/java.lang.Thread.run(Thread.java:1570)
2024-04-29 14:16:12 - [WARN] - org.apache.catalina.loader.WebappClassLoaderBase - The web application [ROOT] appears to have started a thread named [cluster-ClusterId{value='662f8f8b122c5d7f7fdcfed7', description='akhanta-test'}-srv-akhanta-test.a3hcche.mongodb.net] but has failed to stop it. This is very likely to create a memory leak. Stack trace of thread:
 java.base/java.lang.Thread.sleepNanos0(Native Method)
 java.base/java.lang.Thread.sleepNanos(Thread.java:491)
 java.base/java.lang.Thread.sleep(Thread.java:522)
 com.mongodb.internal.connection.DefaultDnsSrvRecordMonitor$DnsSrvRecordMonitorRunnable.run(DefaultDnsSrvRecordMonitor.java:108)
 java.base/java.lang.Thread.run(Thread.java:1570)
2024-04-29 14:16:12 - [WARN] - org.apache.catalina.loader.WebappClassLoaderBase - The web application [ROOT] appears to have started a thread named [cluster-ClusterId{value='662f8f8b122c5d7f7fdcfed7', description='akhanta-test'}-ac-yehvzqq-shard-00-00.a3hcche.mongodb.net:27017] but has failed to stop it. This is very likely to create a memory leak. Stack trace of thread:
 java.base/sun.security.ec.ECOperations.multiply(ECOperations.java:214)
 java.base/sun.security.ec.ECPrivateKeyImpl.calculatePublicKey(ECPrivateKeyImpl.java:213)
 java.base/sun.security.ec.ECKeyPairGenerator.generateKeyPairImpl(ECKeyPairGenerator.java:197)
 java.base/sun.security.ec.ECKeyPairGenerator.generateKeyPair(ECKeyPairGenerator.java:147)
 java.base/java.security.KeyPairGenerator$Delegate.generateKeyPair(KeyPairGenerator.java:728)
 java.base/sun.security.ssl.ECDHKeyExchange$ECDHEPossession.<init>(ECDHKeyExchange.java:118)
 java.base/sun.security.ssl.NamedGroup$ECDHEScheme.createPossession(NamedGroup.java:706)
 java.base/sun.security.ssl.NamedGroup$NamedGroupSpec.createPossession(NamedGroup.java:642)
 java.base/sun.security.ssl.NamedGroup.createPossession(NamedGroup.java:550)
 java.base/sun.security.ssl.SSLKeyExchange$T13KeyAgreement.createPossession(SSLKeyExchange.java:573)
 java.base/sun.security.ssl.SSLKeyExchange.createPossessions(SSLKeyExchange.java:92)
 java.base/sun.security.ssl.KeyShareExtension$CHKeyShareProducer.getShare(KeyShareExtension.java:295)
 java.base/sun.security.ssl.KeyShareExtension$CHKeyShareProducer.produce(KeyShareExtension.java:257)
 java.base/sun.security.ssl.SSLExtension.produce(SSLExtension.java:599)
 java.base/sun.security.ssl.SSLExtensions.produce(SSLExtensions.java:265)
 java.base/sun.security.ssl.ClientHello$ClientHelloKickstartProducer.produce(ClientHello.java:637)
 java.base/sun.security.ssl.SSLHandshake.kickstart(SSLHandshake.java:526)
 java.base/sun.security.ssl.ClientHandshakeContext.kickstart(ClientHandshakeContext.java:112)
 java.base/sun.security.ssl.TransportContext.kickstart(TransportContext.java:258)
 java.base/sun.security.ssl.SSLSocketImpl.startHandshake(SSLSocketImpl.java:448)
 java.base/sun.security.ssl.SSLSocketImpl.ensureNegotiated(SSLSocketImpl.java:924)
 java.base/sun.security.ssl.SSLSocketImpl$AppOutputStream.write(SSLSocketImpl.java:1293)
 com.mongodb.internal.connection.SocketStream.write(SocketStream.java:164)
 com.mongodb.internal.connection.InternalStreamConnection.sendMessage(InternalStreamConnection.java:584)
 com.mongodb.internal.connection.InternalStreamConnection.sendCommandMessage(InternalStreamConnection.java:419)
 com.mongodb.internal.connection.InternalStreamConnection.sendAndReceive(InternalStreamConnection.java:364)
 com.mongodb.internal.connection.CommandHelper.sendAndReceive(CommandHelper.java:102)
 com.mongodb.internal.connection.CommandHelper.executeCommand(CommandHelper.java:49)
 com.mongodb.internal.connection.InternalStreamConnectionInitializer.initializeConnectionDescription(InternalStreamConnectionInitializer.java:130)
 com.mongodb.internal.connection.InternalStreamConnectionInitializer.startHandshake(InternalStreamConnectionInitializer.java:78)
 com.mongodb.internal.connection.InternalStreamConnection.open(InternalStreamConnection.java:213)
 com.mongodb.internal.connection.DefaultServerMonitor$ServerMonitorRunnable.lookupServerDescription(DefaultServerMonitor.java:196)
 com.mongodb.internal.connection.DefaultServerMonitor$ServerMonitorRunnable.run(DefaultServerMonitor.java:156)
 java.base/java.lang.Thread.run(Thread.java:1570)
2024-04-29 14:16:12 - [WARN] - org.apache.catalina.loader.WebappClassLoaderBase - The web application [ROOT] appears to have started a thread named [cluster-rtt-ClusterId{value='662f8f8b122c5d7f7fdcfed7', description='akhanta-test'}-ac-yehvzqq-shard-00-00.a3hcche.mongodb.net:27017] but has failed to stop it. This is very likely to create a memory leak. Stack trace of thread:
 java.base/sun.security.ec.ECOperations$PointMultiplier$Secp256R1GeneratorMultiplier$P256.<clinit>(ECOperations.java:652)
 java.base/sun.security.ec.ECOperations$PointMultiplier$Secp256R1GeneratorMultiplier.pointMultiply(ECOperations.java:575)
 java.base/sun.security.ec.ECOperations.multiply(ECOperations.java:214)
 java.base/sun.security.ec.ECPrivateKeyImpl.calculatePublicKey(ECPrivateKeyImpl.java:213)
 java.base/sun.security.ec.ECKeyPairGenerator.generateKeyPairImpl(ECKeyPairGenerator.java:197)
 java.base/sun.security.ec.ECKeyPairGenerator.generateKeyPair(ECKeyPairGenerator.java:147)
 java.base/java.security.KeyPairGenerator$Delegate.generateKeyPair(KeyPairGenerator.java:728)
 java.base/sun.security.ssl.ECDHKeyExchange$ECDHEPossession.<init>(ECDHKeyExchange.java:118)
 java.base/sun.security.ssl.NamedGroup$ECDHEScheme.createPossession(NamedGroup.java:706)
 java.base/sun.security.ssl.NamedGroup$NamedGroupSpec.createPossession(NamedGroup.java:642)
 java.base/sun.security.ssl.NamedGroup.createPossession(NamedGroup.java:550)
 java.base/sun.security.ssl.SSLKeyExchange$T13KeyAgreement.createPossession(SSLKeyExchange.java:573)
 java.base/sun.security.ssl.SSLKeyExchange.createPossessions(SSLKeyExchange.java:92)
 java.base/sun.security.ssl.KeyShareExtension$CHKeyShareProducer.getShare(KeyShareExtension.java:295)
 java.base/sun.security.ssl.KeyShareExtension$CHKeyShareProducer.produce(KeyShareExtension.java:257)
 java.base/sun.security.ssl.SSLExtension.produce(SSLExtension.java:599)
 java.base/sun.security.ssl.SSLExtensions.produce(SSLExtensions.java:265)
 java.base/sun.security.ssl.ClientHello$ClientHelloKickstartProducer.produce(ClientHello.java:637)
 java.base/sun.security.ssl.SSLHandshake.kickstart(SSLHandshake.java:526)
 java.base/sun.security.ssl.ClientHandshakeContext.kickstart(ClientHandshakeContext.java:112)
 java.base/sun.security.ssl.TransportContext.kickstart(TransportContext.java:258)
 java.base/sun.security.ssl.SSLSocketImpl.startHandshake(SSLSocketImpl.java:448)
 java.base/sun.security.ssl.SSLSocketImpl.ensureNegotiated(SSLSocketImpl.java:924)
 java.base/sun.security.ssl.SSLSocketImpl$AppOutputStream.write(SSLSocketImpl.java:1293)
 com.mongodb.internal.connection.SocketStream.write(SocketStream.java:164)
 com.mongodb.internal.connection.InternalStreamConnection.sendMessage(InternalStreamConnection.java:584)
 com.mongodb.internal.connection.InternalStreamConnection.sendCommandMessage(InternalStreamConnection.java:419)
 com.mongodb.internal.connection.InternalStreamConnection.sendAndReceive(InternalStreamConnection.java:364)
 com.mongodb.internal.connection.CommandHelper.sendAndReceive(CommandHelper.java:102)
 com.mongodb.internal.connection.CommandHelper.executeCommand(CommandHelper.java:49)
 com.mongodb.internal.connection.InternalStreamConnectionInitializer.initializeConnectionDescription(InternalStreamConnectionInitializer.java:130)
 com.mongodb.internal.connection.InternalStreamConnectionInitializer.startHandshake(InternalStreamConnectionInitializer.java:78)
 com.mongodb.internal.connection.InternalStreamConnection.open(InternalStreamConnection.java:213)
 com.mongodb.internal.connection.DefaultServerMonitor$RoundTripTimeRunnable.initialize(DefaultServerMonitor.java:427)
 com.mongodb.internal.connection.DefaultServerMonitor$RoundTripTimeRunnable.run(DefaultServerMonitor.java:403)
 java.base/java.lang.Thread.run(Thread.java:1570)
2024-04-29 14:16:12 - [WARN] - org.apache.catalina.loader.WebappClassLoaderBase - The web application [ROOT] appears to have started a thread named [cluster-ClusterId{value='662f8f8b122c5d7f7fdcfed7', description='akhanta-test'}-ac-yehvzqq-shard-00-02.a3hcche.mongodb.net:27017] but has failed to stop it. This is very likely to create a memory leak. Stack trace of thread:
 java.base/sun.security.ec.ECOperations$PointMultiplier$Secp256R1GeneratorMultiplier.pointMultiply(ECOperations.java:575)
 java.base/sun.security.ec.ECOperations.multiply(ECOperations.java:214)
 java.base/sun.security.ec.ECPrivateKeyImpl.calculatePublicKey(ECPrivateKeyImpl.java:213)
 java.base/sun.security.ec.ECKeyPairGenerator.generateKeyPairImpl(ECKeyPairGenerator.java:197)
 java.base/sun.security.ec.ECKeyPairGenerator.generateKeyPair(ECKeyPairGenerator.java:147)
 java.base/java.security.KeyPairGenerator$Delegate.generateKeyPair(KeyPairGenerator.java:728)
 java.base/sun.security.ssl.ECDHKeyExchange$ECDHEPossession.<init>(ECDHKeyExchange.java:118)
 java.base/sun.security.ssl.NamedGroup$ECDHEScheme.createPossession(NamedGroup.java:706)
 java.base/sun.security.ssl.NamedGroup$NamedGroupSpec.createPossession(NamedGroup.java:642)
 java.base/sun.security.ssl.NamedGroup.createPossession(NamedGroup.java:550)
 java.base/sun.security.ssl.SSLKeyExchange$T13KeyAgreement.createPossession(SSLKeyExchange.java:573)
 java.base/sun.security.ssl.SSLKeyExchange.createPossessions(SSLKeyExchange.java:92)
 java.base/sun.security.ssl.KeyShareExtension$CHKeyShareProducer.getShare(KeyShareExtension.java:295)
 java.base/sun.security.ssl.KeyShareExtension$CHKeyShareProducer.produce(KeyShareExtension.java:257)
 java.base/sun.security.ssl.SSLExtension.produce(SSLExtension.java:599)
 java.base/sun.security.ssl.SSLExtensions.produce(SSLExtensions.java:265)
 java.base/sun.security.ssl.ClientHello$ClientHelloKickstartProducer.produce(ClientHello.java:637)
 java.base/sun.security.ssl.SSLHandshake.kickstart(SSLHandshake.java:526)
 java.base/sun.security.ssl.ClientHandshakeContext.kickstart(ClientHandshakeContext.java:112)
 java.base/sun.security.ssl.TransportContext.kickstart(TransportContext.java:258)
 java.base/sun.security.ssl.SSLSocketImpl.startHandshake(SSLSocketImpl.java:448)
 java.base/sun.security.ssl.SSLSocketImpl.ensureNegotiated(SSLSocketImpl.java:924)
 java.base/sun.security.ssl.SSLSocketImpl$AppOutputStream.write(SSLSocketImpl.java:1293)
 com.mongodb.internal.connection.SocketStream.write(SocketStream.java:164)
 com.mongodb.internal.connection.InternalStreamConnection.sendMessage(InternalStreamConnection.java:584)
 com.mongodb.internal.connection.InternalStreamConnection.sendCommandMessage(InternalStreamConnection.java:419)
 com.mongodb.internal.connection.InternalStreamConnection.sendAndReceive(InternalStreamConnection.java:364)
 com.mongodb.internal.connection.CommandHelper.sendAndReceive(CommandHelper.java:102)
 com.mongodb.internal.connection.CommandHelper.executeCommand(CommandHelper.java:49)
 com.mongodb.internal.connection.InternalStreamConnectionInitializer.initializeConnectionDescription(InternalStreamConnectionInitializer.java:130)
 com.mongodb.internal.connection.InternalStreamConnectionInitializer.startHandshake(InternalStreamConnectionInitializer.java:78)
 com.mongodb.internal.connection.InternalStreamConnection.open(InternalStreamConnection.java:213)
 com.mongodb.internal.connection.DefaultServerMonitor$ServerMonitorRunnable.lookupServerDescription(DefaultServerMonitor.java:196)
 com.mongodb.internal.connection.DefaultServerMonitor$ServerMonitorRunnable.run(DefaultServerMonitor.java:156)
 java.base/java.lang.Thread.run(Thread.java:1570)
2024-04-29 14:16:12 - [WARN] - org.apache.catalina.loader.WebappClassLoaderBase - The web application [ROOT] appears to have started a thread named [cluster-rtt-ClusterId{value='662f8f8b122c5d7f7fdcfed7', description='akhanta-test'}-ac-yehvzqq-shard-00-02.a3hcche.mongodb.net:27017] but has failed to stop it. This is very likely to create a memory leak. Stack trace of thread:
 java.base/sun.security.ec.ECOperations$PointMultiplier$Secp256R1GeneratorMultiplier.pointMultiply(ECOperations.java:575)
 java.base/sun.security.ec.ECOperations.multiply(ECOperations.java:214)
 java.base/sun.security.ec.ECPrivateKeyImpl.calculatePublicKey(ECPrivateKeyImpl.java:213)
 java.base/sun.security.ec.ECKeyPairGenerator.generateKeyPairImpl(ECKeyPairGenerator.java:197)
 java.base/sun.security.ec.ECKeyPairGenerator.generateKeyPair(ECKeyPairGenerator.java:147)
 java.base/java.security.KeyPairGenerator$Delegate.generateKeyPair(KeyPairGenerator.java:728)
 java.base/sun.security.ssl.ECDHKeyExchange$ECDHEPossession.<init>(ECDHKeyExchange.java:118)
 java.base/sun.security.ssl.NamedGroup$ECDHEScheme.createPossession(NamedGroup.java:706)
 java.base/sun.security.ssl.NamedGroup$NamedGroupSpec.createPossession(NamedGroup.java:642)
 java.base/sun.security.ssl.NamedGroup.createPossession(NamedGroup.java:550)
 java.base/sun.security.ssl.SSLKeyExchange$T13KeyAgreement.createPossession(SSLKeyExchange.java:573)
 java.base/sun.security.ssl.SSLKeyExchange.createPossessions(SSLKeyExchange.java:92)
 java.base/sun.security.ssl.KeyShareExtension$CHKeyShareProducer.getShare(KeyShareExtension.java:295)
 java.base/sun.security.ssl.KeyShareExtension$CHKeyShareProducer.produce(KeyShareExtension.java:257)
 java.base/sun.security.ssl.SSLExtension.produce(SSLExtension.java:599)
 java.base/sun.security.ssl.SSLExtensions.produce(SSLExtensions.java:265)
 java.base/sun.security.ssl.ClientHello$ClientHelloKickstartProducer.produce(ClientHello.java:637)
 java.base/sun.security.ssl.SSLHandshake.kickstart(SSLHandshake.java:526)
 java.base/sun.security.ssl.ClientHandshakeContext.kickstart(ClientHandshakeContext.java:112)
 java.base/sun.security.ssl.TransportContext.kickstart(TransportContext.java:258)
 java.base/sun.security.ssl.SSLSocketImpl.startHandshake(SSLSocketImpl.java:448)
 java.base/sun.security.ssl.SSLSocketImpl.ensureNegotiated(SSLSocketImpl.java:924)
 java.base/sun.security.ssl.SSLSocketImpl$AppOutputStream.write(SSLSocketImpl.java:1293)
 com.mongodb.internal.connection.SocketStream.write(SocketStream.java:164)
 com.mongodb.internal.connection.InternalStreamConnection.sendMessage(InternalStreamConnection.java:584)
 com.mongodb.internal.connection.InternalStreamConnection.sendCommandMessage(InternalStreamConnection.java:419)
 com.mongodb.internal.connection.InternalStreamConnection.sendAndReceive(InternalStreamConnection.java:364)
 com.mongodb.internal.connection.CommandHelper.sendAndReceive(CommandHelper.java:102)
 com.mongodb.internal.connection.CommandHelper.executeCommand(CommandHelper.java:49)
 com.mongodb.internal.connection.InternalStreamConnectionInitializer.initializeConnectionDescription(InternalStreamConnectionInitializer.java:130)
 com.mongodb.internal.connection.InternalStreamConnectionInitializer.startHandshake(InternalStreamConnectionInitializer.java:78)
 com.mongodb.internal.connection.InternalStreamConnection.open(InternalStreamConnection.java:213)
 com.mongodb.internal.connection.DefaultServerMonitor$RoundTripTimeRunnable.initialize(DefaultServerMonitor.java:427)
 com.mongodb.internal.connection.DefaultServerMonitor$RoundTripTimeRunnable.run(DefaultServerMonitor.java:403)
 java.base/java.lang.Thread.run(Thread.java:1570)
2024-04-29 14:16:12 - [WARN] - org.apache.catalina.loader.WebappClassLoaderBase - The web application [ROOT] appears to have started a thread named [cluster-ClusterId{value='662f8f8b122c5d7f7fdcfed7', description='akhanta-test'}-ac-yehvzqq-shard-00-01.a3hcche.mongodb.net:27017] but has failed to stop it. This is very likely to create a memory leak. Stack trace of thread:
 java.base/sun.nio.ch.Net.poll(Native Method)
 java.base/sun.nio.ch.NioSocketImpl.park(NioSocketImpl.java:191)
 java.base/sun.nio.ch.NioSocketImpl.timedFinishConnect(NioSocketImpl.java:548)
 java.base/sun.nio.ch.NioSocketImpl.connect(NioSocketImpl.java:592)
 java.base/java.net.SocksSocketImpl.connect(SocksSocketImpl.java:327)
 java.base/java.net.Socket.connect(Socket.java:752)
 java.base/sun.security.ssl.SSLSocketImpl.connect(SSLSocketImpl.java:304)
 com.mongodb.internal.connection.SocketStreamHelper.initialize(SocketStreamHelper.java:76)
 com.mongodb.internal.connection.SocketStream.initializeSocket(SocketStream.java:104)
 com.mongodb.internal.connection.SocketStream.open(SocketStream.java:78)
 com.mongodb.internal.connection.InternalStreamConnection.open(InternalStreamConnection.java:211)
 com.mongodb.internal.connection.DefaultServerMonitor$ServerMonitorRunnable.lookupServerDescription(DefaultServerMonitor.java:196)
 com.mongodb.internal.connection.DefaultServerMonitor$ServerMonitorRunnable.run(DefaultServerMonitor.java:156)
 java.base/java.lang.Thread.run(Thread.java:1570)
2024-04-29 14:16:12 - [WARN] - org.apache.catalina.loader.WebappClassLoaderBase - The web application [ROOT] appears to have started a thread named [cluster-rtt-ClusterId{value='662f8f8b122c5d7f7fdcfed7', description='akhanta-test'}-ac-yehvzqq-shard-00-01.a3hcche.mongodb.net:27017] but has failed to stop it. This is very likely to create a memory leak. Stack trace of thread:
 java.base/sun.nio.ch.Net.poll(Native Method)
 java.base/sun.nio.ch.NioSocketImpl.park(NioSocketImpl.java:191)
 java.base/sun.nio.ch.NioSocketImpl.timedFinishConnect(NioSocketImpl.java:548)
 java.base/sun.nio.ch.NioSocketImpl.connect(NioSocketImpl.java:592)
 java.base/java.net.SocksSocketImpl.connect(SocksSocketImpl.java:327)
 java.base/java.net.Socket.connect(Socket.java:752)
 java.base/sun.security.ssl.SSLSocketImpl.connect(SSLSocketImpl.java:304)
 com.mongodb.internal.connection.SocketStreamHelper.initialize(SocketStreamHelper.java:76)
 com.mongodb.internal.connection.SocketStream.initializeSocket(SocketStream.java:104)
 com.mongodb.internal.connection.SocketStream.open(SocketStream.java:78)
 com.mongodb.internal.connection.InternalStreamConnection.open(InternalStreamConnection.java:211)
 com.mongodb.internal.connection.DefaultServerMonitor$RoundTripTimeRunnable.initialize(DefaultServerMonitor.java:427)
 com.mongodb.internal.connection.DefaultServerMonitor$RoundTripTimeRunnable.run(DefaultServerMonitor.java:403)
 java.base/java.lang.Thread.run(Thread.java:1570)
2024-04-29 14:16:12 - [WARN] - o.s.b.w.s.c.AnnotationConfigServletWebServerApplicationContext - Exception encountered during context initialization - cancelling refresh attempt: org.springframework.context.ApplicationContextException: Unable to start web server
2024-04-29 14:16:12 - [INFO] - o.s.b.a.logging.ConditionEvaluationReportLogger - 

Error starting ApplicationContext. To display the condition evaluation report re-run your application with 'debug' enabled.
2024-04-29 14:16:12 - [ERROR] - org.springframework.boot.SpringApplication - Application run failed
org.springframework.context.ApplicationContextException: Unable to start web server
	at org.springframework.boot.web.servlet.context.ServletWebServerApplicationContext.onRefresh(ServletWebServerApplicationContext.java:165)
	at org.springframework.context.support.AbstractApplicationContext.refresh(AbstractApplicationContext.java:618)
	at org.springframework.boot.web.servlet.context.ServletWebServerApplicationContext.refresh(ServletWebServerApplicationContext.java:146)
	at org.springframework.boot.SpringApplication.refresh(SpringApplication.java:754)
	at org.springframework.boot.SpringApplication.refreshContext(SpringApplication.java:456)
	at org.springframework.boot.SpringApplication.run(SpringApplication.java:334)
	at org.springframework.boot.SpringApplication.run(SpringApplication.java:1354)
	at org.springframework.boot.SpringApplication.run(SpringApplication.java:1343)
	at com.tomasdev.akhanta.RestApiApplication.main(RestApiApplication.java:14)
Caused by: org.springframework.boot.web.server.WebServerException: Unable to start embedded Tomcat
	at org.springframework.boot.web.embedded.tomcat.TomcatWebServer.initialize(TomcatWebServer.java:145)
	at org.springframework.boot.web.embedded.tomcat.TomcatWebServer.<init>(TomcatWebServer.java:105)
	at org.springframework.boot.web.embedded.tomcat.TomcatServletWebServerFactory.getTomcatWebServer(TomcatServletWebServerFactory.java:499)
	at org.springframework.boot.web.embedded.tomcat.TomcatServletWebServerFactory.getWebServer(TomcatServletWebServerFactory.java:218)
	at org.springframework.boot.web.servlet.context.ServletWebServerApplicationContext.createWebServer(ServletWebServerApplicationContext.java:188)
	at org.springframework.boot.web.servlet.context.ServletWebServerApplicationContext.onRefresh(ServletWebServerApplicationContext.java:162)
	... 8 common frames omitted
Caused by: org.springframework.beans.factory.UnsatisfiedDependencyException: Error creating bean with name 'applicationConfig' defined in file [C:\Users\tomia\Desktop\code\akhanta-backend-2\target\classes\com\tomasdev\akhanta\config\ApplicationConfig.class]: Unsatisfied dependency expressed through constructor parameter 0: Error creating bean with name 'jwtService': Unsatisfied dependency expressed through field 'jwtExpiration': Failed to convert value of type 'java.lang.String' to required type 'long'; For input string: "86400000#aday"
	at org.springframework.beans.factory.support.ConstructorResolver.createArgumentArray(ConstructorResolver.java:795)
	at org.springframework.beans.factory.support.ConstructorResolver.autowireConstructor(ConstructorResolver.java:237)
	at org.springframework.beans.factory.support.AbstractAutowireCapableBeanFactory.autowireConstructor(AbstractAutowireCapableBeanFactory.java:1355)
	at org.springframework.beans.factory.support.AbstractAutowireCapableBeanFactory.createBeanInstance(AbstractAutowireCapableBeanFactory.java:1192)
	at org.springframework.beans.factory.support.AbstractAutowireCapableBeanFactory.doCreateBean(AbstractAutowireCapableBeanFactory.java:562)
	at org.springframework.beans.factory.support.AbstractAutowireCapableBeanFactory.createBean(AbstractAutowireCapableBeanFactory.java:522)
	at org.springframework.beans.factory.support.AbstractBeanFactory.lambda$doGetBean$0(AbstractBeanFactory.java:326)
	at org.springframework.beans.factory.support.DefaultSingletonBeanRegistry.getSingleton(DefaultSingletonBeanRegistry.java:234)
	at org.springframework.beans.factory.support.AbstractBeanFactory.doGetBean(AbstractBeanFactory.java:324)
	at org.springframework.beans.factory.support.AbstractBeanFactory.getBean(AbstractBeanFactory.java:200)
	at org.springframework.beans.factory.support.ConstructorResolver.instantiateUsingFactoryMethod(ConstructorResolver.java:409)
	at org.springframework.beans.factory.support.AbstractAutowireCapableBeanFactory.instantiateUsingFactoryMethod(AbstractAutowireCapableBeanFactory.java:1335)
	at org.springframework.beans.factory.support.AbstractAutowireCapableBeanFactory.createBeanInstance(AbstractAutowireCapableBeanFactory.java:1165)
	at org.springframework.beans.factory.support.AbstractAutowireCapableBeanFactory.doCreateBean(AbstractAutowireCapableBeanFactory.java:562)
	at org.springframework.beans.factory.support.AbstractAutowireCapableBeanFactory.createBean(AbstractAutowireCapableBeanFactory.java:522)
	at org.springframework.beans.factory.support.AbstractBeanFactory.lambda$doGetBean$0(AbstractBeanFactory.java:326)
	at org.springframework.beans.factory.support.DefaultSingletonBeanRegistry.getSingleton(DefaultSingletonBeanRegistry.java:234)
	at org.springframework.beans.factory.support.AbstractBeanFactory.doGetBean(AbstractBeanFactory.java:324)
	at org.springframework.beans.factory.support.AbstractBeanFactory.getBean(AbstractBeanFactory.java:205)
	at org.springframework.boot.web.servlet.ServletContextInitializerBeans.getOrderedBeansOfType(ServletContextInitializerBeans.java:210)
	at org.springframework.boot.web.servlet.ServletContextInitializerBeans.addAsRegistrationBean(ServletContextInitializerBeans.java:173)
	at org.springframework.boot.web.servlet.ServletContextInitializerBeans.addAsRegistrationBean(ServletContextInitializerBeans.java:168)
	at org.springframework.boot.web.servlet.ServletContextInitializerBeans.addAdaptableBeans(ServletContextInitializerBeans.java:153)
	at org.springframework.boot.web.servlet.ServletContextInitializerBeans.<init>(ServletContextInitializerBeans.java:86)
	at org.springframework.boot.web.servlet.context.ServletWebServerApplicationContext.getServletContextInitializerBeans(ServletWebServerApplicationContext.java:266)
	at org.springframework.boot.web.servlet.context.ServletWebServerApplicationContext.selfInitialize(ServletWebServerApplicationContext.java:240)
	at org.springframework.boot.web.embedded.tomcat.TomcatStarter.onStartup(TomcatStarter.java:52)
	at org.apache.catalina.core.StandardContext.startInternal(StandardContext.java:4866)
	at org.apache.catalina.util.LifecycleBase.start(LifecycleBase.java:171)
	at org.apache.catalina.core.ContainerBase$StartChild.call(ContainerBase.java:1332)
	at org.apache.catalina.core.ContainerBase$StartChild.call(ContainerBase.java:1322)
	at java.base/java.util.concurrent.FutureTask.run(FutureTask.java:317)
	at org.apache.tomcat.util.threads.InlineExecutorService.execute(InlineExecutorService.java:75)
	at java.base/java.util.concurrent.AbstractExecutorService.submit(AbstractExecutorService.java:145)
	at org.apache.catalina.core.ContainerBase.startInternal(ContainerBase.java:866)
	at org.apache.catalina.core.StandardHost.startInternal(StandardHost.java:845)
	at org.apache.catalina.util.LifecycleBase.start(LifecycleBase.java:171)
	at org.apache.catalina.core.ContainerBase$StartChild.call(ContainerBase.java:1332)
	at org.apache.catalina.core.ContainerBase$StartChild.call(ContainerBase.java:1322)
	at java.base/java.util.concurrent.FutureTask.run(FutureTask.java:317)
	at org.apache.tomcat.util.threads.InlineExecutorService.execute(InlineExecutorService.java:75)
	at java.base/java.util.concurrent.AbstractExecutorService.submit(AbstractExecutorService.java:145)
	at org.apache.catalina.core.ContainerBase.startInternal(ContainerBase.java:866)
	at org.apache.catalina.core.StandardEngine.startInternal(StandardEngine.java:240)
	at org.apache.catalina.util.LifecycleBase.start(LifecycleBase.java:171)
	at org.apache.catalina.core.StandardService.startInternal(StandardService.java:433)
	at org.apache.catalina.util.LifecycleBase.start(LifecycleBase.java:171)
	at org.apache.catalina.core.StandardServer.startInternal(StandardServer.java:921)
	at org.apache.catalina.util.LifecycleBase.start(LifecycleBase.java:171)
	at org.apache.catalina.startup.Tomcat.start(Tomcat.java:437)
	at org.springframework.boot.web.embedded.tomcat.TomcatWebServer.initialize(TomcatWebServer.java:126)
	... 13 common frames omitted
Caused by: org.springframework.beans.factory.UnsatisfiedDependencyException: Error creating bean with name 'jwtService': Unsatisfied dependency expressed through field 'jwtExpiration': Failed to convert value of type 'java.lang.String' to required type 'long'; For input string: "86400000#aday"
	at org.springframework.beans.factory.annotation.AutowiredAnnotationBeanPostProcessor$AutowiredFieldElement.resolveFieldValue(AutowiredAnnotationBeanPostProcessor.java:787)
	at org.springframework.beans.factory.annotation.AutowiredAnnotationBeanPostProcessor$AutowiredFieldElement.inject(AutowiredAnnotationBeanPostProcessor.java:767)
	at org.springframework.beans.factory.annotation.InjectionMetadata.inject(InjectionMetadata.java:145)
	at org.springframework.beans.factory.annotation.AutowiredAnnotationBeanPostProcessor.postProcessProperties(AutowiredAnnotationBeanPostProcessor.java:508)
	at org.springframework.beans.factory.support.AbstractAutowireCapableBeanFactory.populateBean(AbstractAutowireCapableBeanFactory.java:1419)
	at org.springframework.beans.factory.support.AbstractAutowireCapableBeanFactory.doCreateBean(AbstractAutowireCapableBeanFactory.java:599)
	at org.springframework.beans.factory.support.AbstractAutowireCapableBeanFactory.createBean(AbstractAutowireCapableBeanFactory.java:522)
	at org.springframework.beans.factory.support.AbstractBeanFactory.lambda$doGetBean$0(AbstractBeanFactory.java:326)
	at org.springframework.beans.factory.support.DefaultSingletonBeanRegistry.getSingleton(DefaultSingletonBeanRegistry.java:234)
	at org.springframework.beans.factory.support.AbstractBeanFactory.doGetBean(AbstractBeanFactory.java:324)
	at org.springframework.beans.factory.support.AbstractBeanFactory.getBean(AbstractBeanFactory.java:200)
	at org.springframework.beans.factory.config.DependencyDescriptor.resolveCandidate(DependencyDescriptor.java:254)
	at org.springframework.beans.factory.support.DefaultListableBeanFactory.doResolveDependency(DefaultListableBeanFactory.java:1443)
	at org.springframework.beans.factory.support.DefaultListableBeanFactory.resolveDependency(DefaultListableBeanFactory.java:1353)
	at org.springframework.beans.factory.support.ConstructorResolver.resolveAutowiredArgument(ConstructorResolver.java:904)
	at org.springframework.beans.factory.support.ConstructorResolver.createArgumentArray(ConstructorResolver.java:782)
	... 63 common frames omitted
Caused by: org.springframework.beans.TypeMismatchException: Failed to convert value of type 'java.lang.String' to required type 'long'; For input string: "86400000#aday"
	at org.springframework.beans.TypeConverterSupport.convertIfNecessary(TypeConverterSupport.java:87)
	at org.springframework.beans.TypeConverterSupport.convertIfNecessary(TypeConverterSupport.java:71)
	at org.springframework.beans.factory.support.DefaultListableBeanFactory.doResolveDependency(DefaultListableBeanFactory.java:1381)
	at org.springframework.beans.factory.support.DefaultListableBeanFactory.resolveDependency(DefaultListableBeanFactory.java:1353)
	at org.springframework.beans.factory.annotation.AutowiredAnnotationBeanPostProcessor$AutowiredFieldElement.resolveFieldValue(AutowiredAnnotationBeanPostProcessor.java:784)
	... 78 common frames omitted
Caused by: java.lang.NumberFormatException: For input string: "86400000#aday"
	at java.base/java.lang.NumberFormatException.forInputString(NumberFormatException.java:67)
	at java.base/java.lang.Long.parseLong(Long.java:618)
	at java.base/java.lang.Long.valueOf(Long.java:974)
	at org.springframework.util.NumberUtils.parseNumber(NumberUtils.java:206)
	at org.springframework.beans.propertyeditors.CustomNumberEditor.setAsText(CustomNumberEditor.java:115)
	at org.springframework.beans.TypeConverterDelegate.doConvertTextValue(TypeConverterDelegate.java:439)
	at org.springframework.beans.TypeConverterDelegate.doConvertValue(TypeConverterDelegate.java:412)
	at org.springframework.beans.TypeConverterDelegate.convertIfNecessary(TypeConverterDelegate.java:161)
	at org.springframework.beans.TypeConverterSupport.convertIfNecessary(TypeConverterSupport.java:80)
	... 82 common frames omitted
2024-04-29 14:17:17 - [INFO] - com.tomasdev.akhanta.RestApiApplication - Starting RestApiApplication using Java 22 with PID 1012 (C:\Users\tomia\Desktop\code\akhanta-backend-2\target\classes started by tomia in C:\Users\tomia\Desktop\code\akhanta-backend-2)
2024-04-29 14:17:17 - [INFO] - com.tomasdev.akhanta.RestApiApplication - No active profile set, falling back to 1 default profile: "default"
2024-04-29 14:17:18 - [INFO] - o.s.d.repository.config.RepositoryConfigurationDelegate - Bootstrapping Spring Data MongoDB repositories in DEFAULT mode.
2024-04-29 14:17:18 - [INFO] - o.s.d.repository.config.RepositoryConfigurationDelegate - Finished Spring Data repository scanning in 118 ms. Found 6 MongoDB repository interfaces.
2024-04-29 14:17:18 - [INFO] - o.s.boot.web.embedded.tomcat.TomcatWebServer - Tomcat initialized with port 8080 (http)
2024-04-29 14:17:18 - [INFO] - org.apache.catalina.core.StandardService - Starting service [Tomcat]
2024-04-29 14:17:18 - [INFO] - org.apache.catalina.core.StandardEngine - Starting Servlet engine: [Apache Tomcat/10.1.19]
2024-04-29 14:17:19 - [INFO] - o.a.c.core.ContainerBase.[Tomcat].[localhost].[/] - Initializing Spring embedded WebApplicationContext
2024-04-29 14:17:19 - [INFO] - o.s.b.w.s.context.ServletWebServerApplicationContext - Root WebApplicationContext: initialization completed in 1826 ms
2024-04-29 14:17:19 - [INFO] - org.mongodb.driver.cluster - Adding discovered server ac-yehvzqq-shard-00-00.a3hcche.mongodb.net:27017 to client view of cluster
2024-04-29 14:17:19 - [INFO] - org.mongodb.driver.client - MongoClient with metadata {"application": {"name": "akhanta-test"}, "driver": {"name": "mongo-java-driver|sync|spring-boot", "version": "4.11.1"}, "os": {"type": "Windows", "name": "Windows 11", "architecture": "amd64", "version": "10.0"}, "platform": "Java/Oracle Corporation/22+36-2370"} created with settings MongoClientSettings{readPreference=primary, writeConcern=WriteConcern{w=majority, wTimeout=null ms, journal=null}, retryWrites=true, retryReads=true, readConcern=ReadConcern{level=null}, credential=MongoCredential{mechanism=null, userName='tomascaceres', source='admin', password=<hidden>, mechanismProperties=<hidden>}, transportSettings=null, streamFactoryFactory=null, commandListeners=[], codecRegistry=ProvidersCodecRegistry{codecProviders=[ValueCodecProvider{}, BsonValueCodecProvider{}, DBRefCodecProvider{}, DBObjectCodecProvider{}, DocumentCodecProvider{}, CollectionCodecProvider{}, IterableCodecProvider{}, MapCodecProvider{}, GeoJsonCodecProvider{}, GridFSFileCodecProvider{}, Jsr310CodecProvider{}, JsonObjectCodecProvider{}, BsonCodecProvider{}, EnumCodecProvider{}, com.mongodb.client.model.mql.ExpressionCodecProvider@4bb147ec, com.mongodb.Jep395RecordCodecProvider@33f2cfda, com.mongodb.KotlinCodecProvider@68ef01a5]}, loggerSettings=LoggerSettings{maxDocumentLength=1000}, clusterSettings={hosts=[127.0.0.1:27017], srvHost=akhanta-test.a3hcche.mongodb.net, srvServiceName=mongodb, mode=MULTIPLE, requiredClusterType=REPLICA_SET, requiredReplicaSetName='atlas-wl8l0e-shard-0', serverSelector='null', clusterListeners='[]', serverSelectionTimeout='30000 ms', localThreshold='15 ms'}, socketSettings=SocketSettings{connectTimeoutMS=10000, readTimeoutMS=0, receiveBufferSize=0, proxySettings=ProxySettings{host=null, port=null, username=null, password=null}}, heartbeatSocketSettings=SocketSettings{connectTimeoutMS=10000, readTimeoutMS=10000, receiveBufferSize=0, proxySettings=ProxySettings{host=null, port=null, username=null, password=null}}, connectionPoolSettings=ConnectionPoolSettings{maxSize=100, minSize=0, maxWaitTimeMS=120000, maxConnectionLifeTimeMS=0, maxConnectionIdleTimeMS=0, maintenanceInitialDelayMS=0, maintenanceFrequencyMS=60000, connectionPoolListeners=[], maxConnecting=2}, serverSettings=ServerSettings{heartbeatFrequencyMS=10000, minHeartbeatFrequencyMS=500, serverListeners='[]', serverMonitorListeners='[]'}, sslSettings=SslSettings{enabled=true, invalidHostNameAllowed=false, context=null}, applicationName='akhanta-test', compressorList=[], uuidRepresentation=JAVA_LEGACY, serverApi=null, autoEncryptionSettings=null, dnsClient=null, inetAddressResolver=null, contextProvider=null}
2024-04-29 14:17:19 - [INFO] - org.mongodb.driver.cluster - Adding discovered server ac-yehvzqq-shard-00-01.a3hcche.mongodb.net:27017 to client view of cluster
2024-04-29 14:17:19 - [INFO] - org.mongodb.driver.cluster - Adding discovered server ac-yehvzqq-shard-00-02.a3hcche.mongodb.net:27017 to client view of cluster
2024-04-29 14:17:20 - [INFO] - org.mongodb.driver.cluster - Monitor thread successfully connected to server with description ServerDescription{address=ac-yehvzqq-shard-00-00.a3hcche.mongodb.net:27017, type=REPLICA_SET_SECONDARY, state=CONNECTED, ok=true, minWireVersion=0, maxWireVersion=21, maxDocumentSize=16777216, logicalSessionTimeoutMinutes=30, roundTripTimeNanos=437868600, setName='atlas-wl8l0e-shard-0', canonicalAddress=ac-yehvzqq-shard-00-00.a3hcche.mongodb.net:27017, hosts=[ac-yehvzqq-shard-00-00.a3hcche.mongodb.net:27017, ac-yehvzqq-shard-00-01.a3hcche.mongodb.net:27017, ac-yehvzqq-shard-00-02.a3hcche.mongodb.net:27017], passives=[], arbiters=[], primary='ac-yehvzqq-shard-00-01.a3hcche.mongodb.net:27017', tagSet=TagSet{[Tag{name='availabilityZone', value='euc1-az2'}, Tag{name='diskState', value='READY'}, Tag{name='nodeType', value='ELECTABLE'}, Tag{name='provider', value='AWS'}, Tag{name='region', value='EU_CENTRAL_1'}, Tag{name='workloadType', value='OPERATIONAL'}]}, electionId=null, setVersion=49, topologyVersion=TopologyVersion{processId=662a21c7f4b48633f1be0943, counter=5}, lastWriteDate=Mon Apr 29 14:17:19 CEST 2024, lastUpdateTimeNanos=88917625728500}
2024-04-29 14:17:20 - [INFO] - org.mongodb.driver.cluster - Monitor thread successfully connected to server with description ServerDescription{address=ac-yehvzqq-shard-00-02.a3hcche.mongodb.net:27017, type=REPLICA_SET_SECONDARY, state=CONNECTED, ok=true, minWireVersion=0, maxWireVersion=21, maxDocumentSize=16777216, logicalSessionTimeoutMinutes=30, roundTripTimeNanos=437619400, setName='atlas-wl8l0e-shard-0', canonicalAddress=ac-yehvzqq-shard-00-02.a3hcche.mongodb.net:27017, hosts=[ac-yehvzqq-shard-00-00.a3hcche.mongodb.net:27017, ac-yehvzqq-shard-00-01.a3hcche.mongodb.net:27017, ac-yehvzqq-shard-00-02.a3hcche.mongodb.net:27017], passives=[], arbiters=[], primary='ac-yehvzqq-shard-00-01.a3hcche.mongodb.net:27017', tagSet=TagSet{[Tag{name='availabilityZone', value='euc1-az1'}, Tag{name='diskState', value='READY'}, Tag{name='nodeType', value='ELECTABLE'}, Tag{name='provider', value='AWS'}, Tag{name='region', value='EU_CENTRAL_1'}, Tag{name='workloadType', value='OPERATIONAL'}]}, electionId=null, setVersion=49, topologyVersion=TopologyVersion{processId=662a2343e11670e5a49fa8f3, counter=5}, lastWriteDate=Mon Apr 29 14:17:19 CEST 2024, lastUpdateTimeNanos=88917625518800}
2024-04-29 14:17:20 - [INFO] - org.mongodb.driver.cluster - Monitor thread successfully connected to server with description ServerDescription{address=ac-yehvzqq-shard-00-01.a3hcche.mongodb.net:27017, type=REPLICA_SET_PRIMARY, state=CONNECTED, ok=true, minWireVersion=0, maxWireVersion=21, maxDocumentSize=16777216, logicalSessionTimeoutMinutes=30, roundTripTimeNanos=437840900, setName='atlas-wl8l0e-shard-0', canonicalAddress=ac-yehvzqq-shard-00-01.a3hcche.mongodb.net:27017, hosts=[ac-yehvzqq-shard-00-00.a3hcche.mongodb.net:27017, ac-yehvzqq-shard-00-01.a3hcche.mongodb.net:27017, ac-yehvzqq-shard-00-02.a3hcche.mongodb.net:27017], passives=[], arbiters=[], primary='ac-yehvzqq-shard-00-01.a3hcche.mongodb.net:27017', tagSet=TagSet{[Tag{name='availabilityZone', value='euc1-az3'}, Tag{name='diskState', value='READY'}, Tag{name='nodeType', value='ELECTABLE'}, Tag{name='provider', value='AWS'}, Tag{name='region', value='EU_CENTRAL_1'}, Tag{name='workloadType', value='OPERATIONAL'}]}, electionId=7fffffff0000000000000252, setVersion=49, topologyVersion=TopologyVersion{processId=662a20c1fdb5cd0ce7841e16, counter=9}, lastWriteDate=Mon Apr 29 14:17:19 CEST 2024, lastUpdateTimeNanos=88917625701800}
2024-04-29 14:17:20 - [INFO] - org.mongodb.driver.cluster - Discovered replica set primary ac-yehvzqq-shard-00-01.a3hcche.mongodb.net:27017 with max election id 7fffffff0000000000000252 and max set version 49
2024-04-29 14:17:20 - [WARN] - o.s.b.a.s.servlet.UserDetailsServiceAutoConfiguration - 

Using generated security password: 8a26a333-bfc7-4751-81d3-2069cef40210

This generated password is for development use only. Your security configuration must be updated before running your application in production.

2024-04-29 14:17:21 - [INFO] - o.s.security.web.DefaultSecurityFilterChain - Will secure any request with [org.springframework.security.web.session.DisableEncodeUrlFilter@614d7fbf, org.springframework.security.web.context.request.async.WebAsyncManagerIntegrationFilter@6c06b1bc, org.springframework.security.web.context.SecurityContextHolderFilter@49f50c8f, org.springframework.security.web.header.HeaderWriterFilter@4148ce43, org.springframework.web.filter.CorsFilter@1d8dbf10, org.springframework.security.web.authentication.logout.LogoutFilter@4b22214d, com.tomasdev.akhanta.security.JwtAuthFilter@66b0e207, org.springframework.security.web.savedrequest.RequestCacheAwareFilter@6297cb4b, org.springframework.security.web.servletapi.SecurityContextHolderAwareRequestFilter@65d6640, org.springframework.security.web.authentication.AnonymousAuthenticationFilter@e171f93, org.springframework.security.web.session.SessionManagementFilter@517bdce0, org.springframework.security.web.access.ExceptionTranslationFilter@61d42275, org.springframework.security.web.access.intercept.AuthorizationFilter@12e3f4ae]
2024-04-29 14:17:21 - [INFO] - o.s.boot.web.embedded.tomcat.TomcatWebServer - Tomcat started on port 8080 (http) with context path ''
2024-04-29 14:17:21 - [INFO] - com.tomasdev.akhanta.RestApiApplication - Started RestApiApplication in 4.98 seconds (process running for 5.824)
2024-04-29 14:17:26 - [INFO] - o.a.c.core.ContainerBase.[Tomcat].[localhost].[/] - Initializing Spring DispatcherServlet 'dispatcherServlet'
2024-04-29 14:17:26 - [INFO] - org.springframework.web.servlet.DispatcherServlet - Initializing Servlet 'dispatcherServlet'
2024-04-29 14:17:26 - [INFO] - org.springframework.web.servlet.DispatcherServlet - Completed initialization in 2 ms
2024-04-29 14:17:59 - [INFO] - org.mongodb.driver.cluster - Exception in monitor thread while connecting to server ac-yehvzqq-shard-00-02.a3hcche.mongodb.net:27017
com.mongodb.MongoSocketReadException: Exception receiving message
	at com.mongodb.internal.connection.InternalStreamConnection.translateReadException(InternalStreamConnection.java:730)
	at com.mongodb.internal.connection.InternalStreamConnection.receiveMessageWithAdditionalTimeout(InternalStreamConnection.java:606)
	at com.mongodb.internal.connection.InternalStreamConnection.receiveCommandMessageResponse(InternalStreamConnection.java:451)
	at com.mongodb.internal.connection.InternalStreamConnection.receive(InternalStreamConnection.java:404)
	at com.mongodb.internal.connection.DefaultServerMonitor$ServerMonitorRunnable.lookupServerDescription(DefaultServerMonitor.java:224)
	at com.mongodb.internal.connection.DefaultServerMonitor$ServerMonitorRunnable.run(DefaultServerMonitor.java:156)
	at java.base/java.lang.Thread.run(Thread.java:1570)
Caused by: java.net.SocketException: Connection reset
	at java.base/sun.nio.ch.NioSocketImpl.implRead(NioSocketImpl.java:318)
	at java.base/sun.nio.ch.NioSocketImpl.read(NioSocketImpl.java:346)
	at java.base/sun.nio.ch.NioSocketImpl$1.read(NioSocketImpl.java:796)
	at java.base/java.net.Socket$SocketInputStream.implRead(Socket.java:1108)
	at java.base/java.net.Socket$SocketInputStream.read(Socket.java:1095)
	at java.base/sun.security.ssl.SSLSocketInputRecord.read(SSLSocketInputRecord.java:489)
	at java.base/sun.security.ssl.SSLSocketInputRecord.readHeader(SSLSocketInputRecord.java:483)
	at java.base/sun.security.ssl.SSLSocketInputRecord.bytesInCompletePacket(SSLSocketInputRecord.java:70)
	at java.base/sun.security.ssl.SSLSocketImpl.readApplicationRecord(SSLSocketImpl.java:1462)
	at java.base/sun.security.ssl.SSLSocketImpl$AppInputStream.read(SSLSocketImpl.java:1068)
	at com.mongodb.internal.connection.SocketStream.read(SocketStream.java:175)
	at com.mongodb.internal.connection.SocketStream.read(SocketStream.java:200)
	at com.mongodb.internal.connection.InternalStreamConnection.receiveResponseBuffers(InternalStreamConnection.java:739)
	at com.mongodb.internal.connection.InternalStreamConnection.receiveMessageWithAdditionalTimeout(InternalStreamConnection.java:603)
	... 5 common frames omitted
2024-04-29 14:17:59 - [INFO] - org.mongodb.driver.cluster - Exception in monitor thread while connecting to server ac-yehvzqq-shard-00-01.a3hcche.mongodb.net:27017
com.mongodb.MongoSocketReadException: Exception receiving message
	at com.mongodb.internal.connection.InternalStreamConnection.translateReadException(InternalStreamConnection.java:730)
	at com.mongodb.internal.connection.InternalStreamConnection.receiveMessageWithAdditionalTimeout(InternalStreamConnection.java:606)
	at com.mongodb.internal.connection.InternalStreamConnection.receiveCommandMessageResponse(InternalStreamConnection.java:451)
	at com.mongodb.internal.connection.InternalStreamConnection.receive(InternalStreamConnection.java:404)
	at com.mongodb.internal.connection.DefaultServerMonitor$ServerMonitorRunnable.lookupServerDescription(DefaultServerMonitor.java:224)
	at com.mongodb.internal.connection.DefaultServerMonitor$ServerMonitorRunnable.run(DefaultServerMonitor.java:156)
	at java.base/java.lang.Thread.run(Thread.java:1570)
Caused by: java.net.SocketException: Connection reset
	at java.base/sun.nio.ch.NioSocketImpl.implRead(NioSocketImpl.java:318)
	at java.base/sun.nio.ch.NioSocketImpl.read(NioSocketImpl.java:346)
	at java.base/sun.nio.ch.NioSocketImpl$1.read(NioSocketImpl.java:796)
	at java.base/java.net.Socket$SocketInputStream.implRead(Socket.java:1108)
	at java.base/java.net.Socket$SocketInputStream.read(Socket.java:1095)
	at java.base/sun.security.ssl.SSLSocketInputRecord.read(SSLSocketInputRecord.java:489)
	at java.base/sun.security.ssl.SSLSocketInputRecord.readHeader(SSLSocketInputRecord.java:483)
	at java.base/sun.security.ssl.SSLSocketInputRecord.bytesInCompletePacket(SSLSocketInputRecord.java:70)
	at java.base/sun.security.ssl.SSLSocketImpl.readApplicationRecord(SSLSocketImpl.java:1462)
	at java.base/sun.security.ssl.SSLSocketImpl$AppInputStream.read(SSLSocketImpl.java:1068)
	at com.mongodb.internal.connection.SocketStream.read(SocketStream.java:175)
	at com.mongodb.internal.connection.SocketStream.read(SocketStream.java:200)
	at com.mongodb.internal.connection.InternalStreamConnection.receiveResponseBuffers(InternalStreamConnection.java:739)
	at com.mongodb.internal.connection.InternalStreamConnection.receiveMessageWithAdditionalTimeout(InternalStreamConnection.java:603)
	... 5 common frames omitted
2024-04-29 14:17:59 - [INFO] - org.mongodb.driver.cluster - Exception in monitor thread while connecting to server ac-yehvzqq-shard-00-00.a3hcche.mongodb.net:27017
com.mongodb.MongoSocketReadException: Exception receiving message
	at com.mongodb.internal.connection.InternalStreamConnection.translateReadException(InternalStreamConnection.java:730)
	at com.mongodb.internal.connection.InternalStreamConnection.receiveMessageWithAdditionalTimeout(InternalStreamConnection.java:606)
	at com.mongodb.internal.connection.InternalStreamConnection.receiveCommandMessageResponse(InternalStreamConnection.java:451)
	at com.mongodb.internal.connection.InternalStreamConnection.receive(InternalStreamConnection.java:404)
	at com.mongodb.internal.connection.DefaultServerMonitor$ServerMonitorRunnable.lookupServerDescription(DefaultServerMonitor.java:224)
	at com.mongodb.internal.connection.DefaultServerMonitor$ServerMonitorRunnable.run(DefaultServerMonitor.java:156)
	at java.base/java.lang.Thread.run(Thread.java:1570)
Caused by: java.net.SocketException: Connection reset
	at java.base/sun.nio.ch.NioSocketImpl.implRead(NioSocketImpl.java:318)
	at java.base/sun.nio.ch.NioSocketImpl.read(NioSocketImpl.java:346)
	at java.base/sun.nio.ch.NioSocketImpl$1.read(NioSocketImpl.java:796)
	at java.base/java.net.Socket$SocketInputStream.implRead(Socket.java:1108)
	at java.base/java.net.Socket$SocketInputStream.read(Socket.java:1095)
	at java.base/sun.security.ssl.SSLSocketInputRecord.read(SSLSocketInputRecord.java:489)
	at java.base/sun.security.ssl.SSLSocketInputRecord.readHeader(SSLSocketInputRecord.java:483)
	at java.base/sun.security.ssl.SSLSocketInputRecord.bytesInCompletePacket(SSLSocketInputRecord.java:70)
	at java.base/sun.security.ssl.SSLSocketImpl.readApplicationRecord(SSLSocketImpl.java:1462)
	at java.base/sun.security.ssl.SSLSocketImpl$AppInputStream.read(SSLSocketImpl.java:1068)
	at com.mongodb.internal.connection.SocketStream.read(SocketStream.java:175)
	at com.mongodb.internal.connection.SocketStream.read(SocketStream.java:200)
	at com.mongodb.internal.connection.InternalStreamConnection.receiveResponseBuffers(InternalStreamConnection.java:739)
	at com.mongodb.internal.connection.InternalStreamConnection.receiveMessageWithAdditionalTimeout(InternalStreamConnection.java:603)
	... 5 common frames omitted
2024-04-29 14:17:59 - [INFO] - org.mongodb.driver.cluster - Exception in monitor thread while connecting to server ac-yehvzqq-shard-00-01.a3hcche.mongodb.net:27017
com.mongodb.MongoSocketOpenException: Exception opening socket
	at com.mongodb.internal.connection.SocketStream.lambda$open$0(SocketStream.java:84)
	at java.base/java.util.Optional.orElseThrow(Optional.java:403)
	at com.mongodb.internal.connection.SocketStream.open(SocketStream.java:84)
	at com.mongodb.internal.connection.InternalStreamConnection.open(InternalStreamConnection.java:211)
	at com.mongodb.internal.connection.DefaultServerMonitor$ServerMonitorRunnable.lookupServerDescription(DefaultServerMonitor.java:196)
	at com.mongodb.internal.connection.DefaultServerMonitor$ServerMonitorRunnable.run(DefaultServerMonitor.java:156)
	at java.base/java.lang.Thread.run(Thread.java:1570)
Caused by: java.net.SocketException: Network is unreachable: getsockopt
	at java.base/sun.nio.ch.Net.pollConnect(Native Method)
	at java.base/sun.nio.ch.Net.pollConnectNow(Net.java:682)
	at java.base/sun.nio.ch.NioSocketImpl.timedFinishConnect(NioSocketImpl.java:542)
	at java.base/sun.nio.ch.NioSocketImpl.connect(NioSocketImpl.java:592)
	at java.base/java.net.SocksSocketImpl.connect(SocksSocketImpl.java:327)
	at java.base/java.net.Socket.connect(Socket.java:752)
	at java.base/sun.security.ssl.SSLSocketImpl.connect(SSLSocketImpl.java:304)
	at com.mongodb.internal.connection.SocketStreamHelper.initialize(SocketStreamHelper.java:76)
	at com.mongodb.internal.connection.SocketStream.initializeSocket(SocketStream.java:104)
	at com.mongodb.internal.connection.SocketStream.open(SocketStream.java:78)
	... 4 common frames omitted
2024-04-29 14:17:59 - [INFO] - org.mongodb.driver.cluster - Exception in monitor thread while connecting to server ac-yehvzqq-shard-00-02.a3hcche.mongodb.net:27017
com.mongodb.MongoSocketException: Host desconocido (ac-yehvzqq-shard-00-02.a3hcche.mongodb.net)
	at com.mongodb.ServerAddress.getSocketAddresses(ServerAddress.java:221)
	at com.mongodb.internal.connection.ServerAddressWithResolver.getSocketAddresses(ServerAddressWithResolver.java:68)
	at com.mongodb.internal.connection.SocketStream.initializeSocket(SocketStream.java:100)
	at com.mongodb.internal.connection.SocketStream.open(SocketStream.java:78)
	at com.mongodb.internal.connection.InternalStreamConnection.open(InternalStreamConnection.java:211)
	at com.mongodb.internal.connection.DefaultServerMonitor$ServerMonitorRunnable.lookupServerDescription(DefaultServerMonitor.java:196)
	at com.mongodb.internal.connection.DefaultServerMonitor$ServerMonitorRunnable.run(DefaultServerMonitor.java:156)
	at java.base/java.lang.Thread.run(Thread.java:1570)
Caused by: java.net.UnknownHostException: Host desconocido (ac-yehvzqq-shard-00-02.a3hcche.mongodb.net)
	at java.base/java.net.Inet6AddressImpl.lookupAllHostAddr(Native Method)
	at java.base/java.net.Inet6AddressImpl.lookupAllHostAddr(Inet6AddressImpl.java:52)
	at java.base/java.net.InetAddress$PlatformResolver.lookupByName(InetAddress.java:1221)
	at java.base/java.net.InetAddress.getAddressesFromNameService(InetAddress.java:1816)
	at java.base/java.net.InetAddress$NameServiceAddresses.get(InetAddress.java:1149)
	at java.base/java.net.InetAddress.getAllByName0(InetAddress.java:1806)
	at java.base/java.net.InetAddress.getAllByName(InetAddress.java:1676)
	at com.mongodb.ServerAddress.getSocketAddresses(ServerAddress.java:213)
	... 7 common frames omitted
2024-04-29 14:17:59 - [INFO] - org.mongodb.driver.cluster - Exception in monitor thread while connecting to server ac-yehvzqq-shard-00-00.a3hcche.mongodb.net:27017
com.mongodb.MongoSocketException: Host desconocido (ac-yehvzqq-shard-00-00.a3hcche.mongodb.net)
	at com.mongodb.ServerAddress.getSocketAddresses(ServerAddress.java:221)
	at com.mongodb.internal.connection.ServerAddressWithResolver.getSocketAddresses(ServerAddressWithResolver.java:68)
	at com.mongodb.internal.connection.SocketStream.initializeSocket(SocketStream.java:100)
	at com.mongodb.internal.connection.SocketStream.open(SocketStream.java:78)
	at com.mongodb.internal.connection.InternalStreamConnection.open(InternalStreamConnection.java:211)
	at com.mongodb.internal.connection.DefaultServerMonitor$ServerMonitorRunnable.lookupServerDescription(DefaultServerMonitor.java:196)
	at com.mongodb.internal.connection.DefaultServerMonitor$ServerMonitorRunnable.run(DefaultServerMonitor.java:156)
	at java.base/java.lang.Thread.run(Thread.java:1570)
Caused by: java.net.UnknownHostException: Host desconocido (ac-yehvzqq-shard-00-00.a3hcche.mongodb.net)
	at java.base/java.net.Inet6AddressImpl.lookupAllHostAddr(Native Method)
	at java.base/java.net.Inet6AddressImpl.lookupAllHostAddr(Inet6AddressImpl.java:52)
	at java.base/java.net.InetAddress$PlatformResolver.lookupByName(InetAddress.java:1221)
	at java.base/java.net.InetAddress.getAddressesFromNameService(InetAddress.java:1816)
	at java.base/java.net.InetAddress$NameServiceAddresses.get(InetAddress.java:1149)
	at java.base/java.net.InetAddress.getAllByName0(InetAddress.java:1806)
	at java.base/java.net.InetAddress.getAllByName(InetAddress.java:1676)
	at com.mongodb.ServerAddress.getSocketAddresses(ServerAddress.java:213)
	... 7 common frames omitted
2024-04-29 14:18:09 - [INFO] - org.mongodb.driver.cluster - Exception in monitor thread while connecting to server ac-yehvzqq-shard-00-02.a3hcche.mongodb.net:27017
com.mongodb.MongoSocketException: ac-yehvzqq-shard-00-02.a3hcche.mongodb.net
	at com.mongodb.ServerAddress.getSocketAddresses(ServerAddress.java:221)
	at com.mongodb.internal.connection.ServerAddressWithResolver.getSocketAddresses(ServerAddressWithResolver.java:68)
	at com.mongodb.internal.connection.SocketStream.initializeSocket(SocketStream.java:100)
	at com.mongodb.internal.connection.SocketStream.open(SocketStream.java:78)
	at com.mongodb.internal.connection.InternalStreamConnection.open(InternalStreamConnection.java:211)
	at com.mongodb.internal.connection.DefaultServerMonitor$ServerMonitorRunnable.lookupServerDescription(DefaultServerMonitor.java:196)
	at com.mongodb.internal.connection.DefaultServerMonitor$ServerMonitorRunnable.run(DefaultServerMonitor.java:156)
	at java.base/java.lang.Thread.run(Thread.java:1570)
Caused by: java.net.UnknownHostException: ac-yehvzqq-shard-00-02.a3hcche.mongodb.net
	at java.base/java.net.InetAddress$CachedLookup.get(InetAddress.java:998)
	at java.base/java.net.InetAddress.getAllByName0(InetAddress.java:1806)
	at java.base/java.net.InetAddress.getAllByName(InetAddress.java:1676)
	at com.mongodb.ServerAddress.getSocketAddresses(ServerAddress.java:213)
	... 7 common frames omitted
2024-04-29 14:18:10 - [INFO] - org.mongodb.driver.cluster - Monitor thread successfully connected to server with description ServerDescription{address=ac-yehvzqq-shard-00-01.a3hcche.mongodb.net:27017, type=REPLICA_SET_PRIMARY, state=CONNECTED, ok=true, minWireVersion=0, maxWireVersion=21, maxDocumentSize=16777216, logicalSessionTimeoutMinutes=30, roundTripTimeNanos=58618100, setName='atlas-wl8l0e-shard-0', canonicalAddress=ac-yehvzqq-shard-00-01.a3hcche.mongodb.net:27017, hosts=[ac-yehvzqq-shard-00-00.a3hcche.mongodb.net:27017, ac-yehvzqq-shard-00-01.a3hcche.mongodb.net:27017, ac-yehvzqq-shard-00-02.a3hcche.mongodb.net:27017], passives=[], arbiters=[], primary='ac-yehvzqq-shard-00-01.a3hcche.mongodb.net:27017', tagSet=TagSet{[Tag{name='availabilityZone', value='euc1-az3'}, Tag{name='diskState', value='READY'}, Tag{name='nodeType', value='ELECTABLE'}, Tag{name='provider', value='AWS'}, Tag{name='region', value='EU_CENTRAL_1'}, Tag{name='workloadType', value='OPERATIONAL'}]}, electionId=7fffffff0000000000000252, setVersion=49, topologyVersion=TopologyVersion{processId=662a20c1fdb5cd0ce7841e16, counter=9}, lastWriteDate=Mon Apr 29 14:18:09 CEST 2024, lastUpdateTimeNanos=88967618659400}
2024-04-29 14:18:10 - [INFO] - org.mongodb.driver.cluster - Discovered replica set primary ac-yehvzqq-shard-00-01.a3hcche.mongodb.net:27017 with max election id 7fffffff0000000000000252 and max set version 49
2024-04-29 14:18:10 - [INFO] - org.mongodb.driver.cluster - Monitor thread successfully connected to server with description ServerDescription{address=ac-yehvzqq-shard-00-00.a3hcche.mongodb.net:27017, type=REPLICA_SET_SECONDARY, state=CONNECTED, ok=true, minWireVersion=0, maxWireVersion=21, maxDocumentSize=16777216, logicalSessionTimeoutMinutes=30, roundTripTimeNanos=51593300, setName='atlas-wl8l0e-shard-0', canonicalAddress=ac-yehvzqq-shard-00-00.a3hcche.mongodb.net:27017, hosts=[ac-yehvzqq-shard-00-00.a3hcche.mongodb.net:27017, ac-yehvzqq-shard-00-01.a3hcche.mongodb.net:27017, ac-yehvzqq-shard-00-02.a3hcche.mongodb.net:27017], passives=[], arbiters=[], primary='ac-yehvzqq-shard-00-01.a3hcche.mongodb.net:27017', tagSet=TagSet{[Tag{name='availabilityZone', value='euc1-az2'}, Tag{name='diskState', value='READY'}, Tag{name='nodeType', value='ELECTABLE'}, Tag{name='provider', value='AWS'}, Tag{name='region', value='EU_CENTRAL_1'}, Tag{name='workloadType', value='OPERATIONAL'}]}, electionId=null, setVersion=49, topologyVersion=TopologyVersion{processId=662a21c7f4b48633f1be0943, counter=5}, lastWriteDate=Mon Apr 29 14:18:09 CEST 2024, lastUpdateTimeNanos=88967678716000}
2024-04-29 14:18:20 - [INFO] - org.mongodb.driver.cluster - Monitor thread successfully connected to server with description ServerDescription{address=ac-yehvzqq-shard-00-02.a3hcche.mongodb.net:27017, type=REPLICA_SET_SECONDARY, state=CONNECTED, ok=true, minWireVersion=0, maxWireVersion=21, maxDocumentSize=16777216, logicalSessionTimeoutMinutes=30, roundTripTimeNanos=57414300, setName='atlas-wl8l0e-shard-0', canonicalAddress=ac-yehvzqq-shard-00-02.a3hcche.mongodb.net:27017, hosts=[ac-yehvzqq-shard-00-00.a3hcche.mongodb.net:27017, ac-yehvzqq-shard-00-01.a3hcche.mongodb.net:27017, ac-yehvzqq-shard-00-02.a3hcche.mongodb.net:27017], passives=[], arbiters=[], primary='ac-yehvzqq-shard-00-01.a3hcche.mongodb.net:27017', tagSet=TagSet{[Tag{name='availabilityZone', value='euc1-az1'}, Tag{name='diskState', value='READY'}, Tag{name='nodeType', value='ELECTABLE'}, Tag{name='provider', value='AWS'}, Tag{name='region', value='EU_CENTRAL_1'}, Tag{name='workloadType', value='OPERATIONAL'}]}, electionId=null, setVersion=49, topologyVersion=TopologyVersion{processId=662a2343e11670e5a49fa8f3, counter=5}, lastWriteDate=Mon Apr 29 14:18:19 CEST 2024, lastUpdateTimeNanos=88977689885200}
