2024-06-11 11:21:47 - [INFO] - com.tomasdev.akhanta.RestApiApplication - Starting RestApiApplication using Java 22 with PID 14260 (C:\Users\tomia\Desktop\code\e-commerce\spring-backend\target\classes started by tomia in C:\Users\tomia\Desktop\code\e-commerce\spring-backend)
2024-06-11 11:21:47 - [INFO] - com.tomasdev.akhanta.RestApiApplication - No active profile set, falling back to 1 default profile: "default"
2024-06-11 11:21:49 - [INFO] - o.s.d.repository.config.RepositoryConfigurationDelegate - Multiple Spring Data modules found, entering strict repository configuration mode
2024-06-11 11:21:49 - [INFO] - o.s.d.repository.config.RepositoryConfigurationDelegate - Bootstrapping Spring Data JPA repositories in DEFAULT mode.
2024-06-11 11:21:50 - [INFO] - o.s.d.r.config.RepositoryConfigurationExtensionSupport - Spring Data JPA - Could not safely identify store assignment for repository candidate interface com.tomasdev.akhanta.article.ArticleRepository; If you want this repository to be a JPA repository, consider annotating your entities with one of these annotations: jakarta.persistence.Entity, jakarta.persistence.MappedSuperclass (preferred), or consider extending one of the following types with your repository: org.springframework.data.jpa.repository.JpaRepository
2024-06-11 11:21:50 - [INFO] - o.s.d.r.config.RepositoryConfigurationExtensionSupport - Spring Data JPA - Could not safely identify store assignment for repository candidate interface com.tomasdev.akhanta.associate.AssociateRepository; If you want this repository to be a JPA repository, consider annotating your entities with one of these annotations: jakarta.persistence.Entity, jakarta.persistence.MappedSuperclass (preferred), or consider extending one of the following types with your repository: org.springframework.data.jpa.repository.JpaRepository
2024-06-11 11:21:50 - [INFO] - o.s.d.r.config.RepositoryConfigurationExtensionSupport - Spring Data JPA - Could not safely identify store assignment for repository candidate interface com.tomasdev.akhanta.cart.CartRepository; If you want this repository to be a JPA repository, consider annotating your entities with one of these annotations: jakarta.persistence.Entity, jakarta.persistence.MappedSuperclass (preferred), or consider extending one of the following types with your repository: org.springframework.data.jpa.repository.JpaRepository
2024-06-11 11:21:50 - [INFO] - o.s.d.r.config.RepositoryConfigurationExtensionSupport - Spring Data JPA - Could not safely identify store assignment for repository candidate interface com.tomasdev.akhanta.product.categories.CategoryRepository; If you want this repository to be a JPA repository, consider annotating your entities with one of these annotations: jakarta.persistence.Entity, jakarta.persistence.MappedSuperclass (preferred), or consider extending one of the following types with your repository: org.springframework.data.jpa.repository.JpaRepository
2024-06-11 11:21:50 - [INFO] - o.s.d.r.config.RepositoryConfigurationExtensionSupport - Spring Data JPA - Could not safely identify store assignment for repository candidate interface com.tomasdev.akhanta.product.ProductRepository; If you want this repository to be a JPA repository, consider annotating your entities with one of these annotations: jakarta.persistence.Entity, jakarta.persistence.MappedSuperclass (preferred), or consider extending one of the following types with your repository: org.springframework.data.jpa.repository.JpaRepository
2024-06-11 11:21:50 - [INFO] - o.s.d.r.config.RepositoryConfigurationExtensionSupport - Spring Data JPA - Could not safely identify store assignment for repository candidate interface com.tomasdev.akhanta.security.jwt.TokenRepository; If you want this repository to be a JPA repository, consider annotating your entities with one of these annotations: jakarta.persistence.Entity, jakarta.persistence.MappedSuperclass (preferred), or consider extending one of the following types with your repository: org.springframework.data.jpa.repository.JpaRepository
2024-06-11 11:21:50 - [INFO] - o.s.d.r.config.RepositoryConfigurationExtensionSupport - Spring Data JPA - Could not safely identify store assignment for repository candidate interface com.tomasdev.akhanta.users.customer.CustomerRepository; If you want this repository to be a JPA repository, consider annotating your entities with one of these annotations: jakarta.persistence.Entity, jakarta.persistence.MappedSuperclass (preferred), or consider extending one of the following types with your repository: org.springframework.data.jpa.repository.JpaRepository
2024-06-11 11:21:50 - [INFO] - o.s.d.r.config.RepositoryConfigurationExtensionSupport - Spring Data JPA - Could not safely identify store assignment for repository candidate interface com.tomasdev.akhanta.users.shop.ShopRepository; If you want this repository to be a JPA repository, consider annotating your entities with one of these annotations: jakarta.persistence.Entity, jakarta.persistence.MappedSuperclass (preferred), or consider extending one of the following types with your repository: org.springframework.data.jpa.repository.JpaRepository
2024-06-11 11:21:50 - [INFO] - o.s.d.repository.config.RepositoryConfigurationDelegate - Finished Spring Data repository scanning in 230 ms. Found 1 JPA repository interface.
2024-06-11 11:21:50 - [INFO] - o.s.d.repository.config.RepositoryConfigurationDelegate - Multiple Spring Data modules found, entering strict repository configuration mode
2024-06-11 11:21:50 - [INFO] - o.s.d.repository.config.RepositoryConfigurationDelegate - Bootstrapping Spring Data MongoDB repositories in DEFAULT mode.
2024-06-11 11:21:50 - [INFO] - o.s.d.r.config.RepositoryConfigurationExtensionSupport - Spring Data MongoDB - Could not safely identify store assignment for repository candidate interface com.tomasdev.akhanta.security.jwt.TokenBlacklistRepository; If you want this repository to be a MongoDB repository, consider annotating your entities with one of these annotations: org.springframework.data.mongodb.core.mapping.Document (preferred), or consider extending one of the following types with your repository: org.springframework.data.mongodb.repository.MongoRepository
2024-06-11 11:21:50 - [INFO] - o.s.d.repository.config.RepositoryConfigurationDelegate - Finished Spring Data repository scanning in 71 ms. Found 8 MongoDB repository interfaces.
2024-06-11 11:21:51 - [INFO] - o.s.boot.web.embedded.tomcat.TomcatWebServer - Tomcat initialized with port 8080 (http)
2024-06-11 11:21:51 - [INFO] - org.apache.catalina.core.StandardService - Starting service [Tomcat]
2024-06-11 11:21:51 - [INFO] - org.apache.catalina.core.StandardEngine - Starting Servlet engine: [Apache Tomcat/10.1.19]
2024-06-11 11:21:51 - [INFO] - o.a.c.core.ContainerBase.[Tomcat].[localhost].[/] - Initializing Spring embedded WebApplicationContext
2024-06-11 11:21:51 - [INFO] - o.s.b.w.s.context.ServletWebServerApplicationContext - Root WebApplicationContext: initialization completed in 3297 ms
2024-06-11 11:21:51 - [INFO] - com.zaxxer.hikari.HikariDataSource - HikariPool-1 - Starting...
2024-06-11 11:21:52 - [INFO] - com.zaxxer.hikari.pool.HikariPool - HikariPool-1 - Added connection conn0: url=jdbc:h2:mem:03b1f42e-8a35-47a8-9a80-9a78731709f0 user=SA
2024-06-11 11:21:52 - [INFO] - com.zaxxer.hikari.HikariDataSource - HikariPool-1 - Start completed.
2024-06-11 11:21:52 - [INFO] - o.s.boot.autoconfigure.h2.H2ConsoleAutoConfiguration - H2 console available at '/h2-console'. Database available at 'jdbc:h2:mem:03b1f42e-8a35-47a8-9a80-9a78731709f0'
2024-06-11 11:21:52 - [INFO] - org.hibernate.jpa.internal.util.LogHelper - HHH000204: Processing PersistenceUnitInfo [name: default]
2024-06-11 11:21:52 - [INFO] - org.hibernate.Version - HHH000412: Hibernate ORM core version 6.4.4.Final
2024-06-11 11:21:52 - [INFO] - org.hibernate.cache.internal.RegionFactoryInitiator - HHH000026: Second-level cache disabled
2024-06-11 11:21:52 - [INFO] - o.s.orm.jpa.persistenceunit.SpringPersistenceUnitInfo - No LoadTimeWeaver setup: ignoring JPA class transformer
2024-06-11 11:21:54 - [INFO] - o.h.e.t.jta.platform.internal.JtaPlatformInitiator - HHH000489: No JTA platform available (set 'hibernate.transaction.jta.platform' to enable JTA platform integration)
2024-06-11 11:21:54 - [INFO] - o.s.orm.jpa.LocalContainerEntityManagerFactoryBean - Initialized JPA EntityManagerFactory for persistence unit 'default'
2024-06-11 11:21:55 - [WARN] - o.s.b.a.o.jpa.JpaBaseConfiguration$JpaWebConfiguration - spring.jpa.open-in-view is enabled by default. Therefore, database queries may be performed during view rendering. Explicitly configure spring.jpa.open-in-view to disable this warning
2024-06-11 11:21:55 - [INFO] - org.mongodb.driver.client - MongoClient with metadata {"application": {"name": "akhanta-test"}, "driver": {"name": "mongo-java-driver|sync|spring-boot", "version": "4.11.1"}, "os": {"type": "Windows", "name": "Windows 11", "architecture": "amd64", "version": "10.0"}, "platform": "Java/Oracle Corporation/22+36-2370"} created with settings MongoClientSettings{readPreference=primary, writeConcern=WriteConcern{w=majority, wTimeout=null ms, journal=null}, retryWrites=true, retryReads=true, readConcern=ReadConcern{level=null}, credential=MongoCredential{mechanism=null, userName='tomascaceres', source='admin', password=<hidden>, mechanismProperties=<hidden>}, transportSettings=null, streamFactoryFactory=null, commandListeners=[], codecRegistry=ProvidersCodecRegistry{codecProviders=[ValueCodecProvider{}, BsonValueCodecProvider{}, DBRefCodecProvider{}, DBObjectCodecProvider{}, DocumentCodecProvider{}, CollectionCodecProvider{}, IterableCodecProvider{}, MapCodecProvider{}, GeoJsonCodecProvider{}, GridFSFileCodecProvider{}, Jsr310CodecProvider{}, JsonObjectCodecProvider{}, BsonCodecProvider{}, EnumCodecProvider{}, com.mongodb.client.model.mql.ExpressionCodecProvider@258ac1e6, com.mongodb.Jep395RecordCodecProvider@491f3fb0, com.mongodb.KotlinCodecProvider@3d0ce151]}, loggerSettings=LoggerSettings{maxDocumentLength=1000}, clusterSettings={hosts=[127.0.0.1:27017], srvHost=akhanta-test.a3hcche.mongodb.net, srvServiceName=mongodb, mode=MULTIPLE, requiredClusterType=REPLICA_SET, requiredReplicaSetName='atlas-wl8l0e-shard-0', serverSelector='null', clusterListeners='[]', serverSelectionTimeout='30000 ms', localThreshold='15 ms'}, socketSettings=SocketSettings{connectTimeoutMS=10000, readTimeoutMS=0, receiveBufferSize=0, proxySettings=ProxySettings{host=null, port=null, username=null, password=null}}, heartbeatSocketSettings=SocketSettings{connectTimeoutMS=10000, readTimeoutMS=10000, receiveBufferSize=0, proxySettings=ProxySettings{host=null, port=null, username=null, password=null}}, connectionPoolSettings=ConnectionPoolSettings{maxSize=100, minSize=0, maxWaitTimeMS=120000, maxConnectionLifeTimeMS=0, maxConnectionIdleTimeMS=0, maintenanceInitialDelayMS=0, maintenanceFrequencyMS=60000, connectionPoolListeners=[], maxConnecting=2}, serverSettings=ServerSettings{heartbeatFrequencyMS=10000, minHeartbeatFrequencyMS=500, serverListeners='[]', serverMonitorListeners='[]'}, sslSettings=SslSettings{enabled=true, invalidHostNameAllowed=false, context=null}, applicationName='akhanta-test', compressorList=[], uuidRepresentation=JAVA_LEGACY, serverApi=null, autoEncryptionSettings=null, dnsClient=null, inetAddressResolver=null, contextProvider=null}
2024-06-11 11:21:55 - [INFO] - org.mongodb.driver.cluster - Adding discovered server ac-yehvzqq-shard-00-00.a3hcche.mongodb.net:27017 to client view of cluster
2024-06-11 11:21:55 - [INFO] - org.mongodb.driver.cluster - Adding discovered server ac-yehvzqq-shard-00-01.a3hcche.mongodb.net:27017 to client view of cluster
2024-06-11 11:21:55 - [INFO] - org.mongodb.driver.cluster - Adding discovered server ac-yehvzqq-shard-00-02.a3hcche.mongodb.net:27017 to client view of cluster
2024-06-11 11:21:56 - [INFO] - org.mongodb.driver.cluster - Monitor thread successfully connected to server with description ServerDescription{address=ac-yehvzqq-shard-00-01.a3hcche.mongodb.net:27017, type=REPLICA_SET_SECONDARY, state=CONNECTED, ok=true, minWireVersion=0, maxWireVersion=21, maxDocumentSize=16777216, logicalSessionTimeoutMinutes=30, roundTripTimeNanos=451794000, setName='atlas-wl8l0e-shard-0', canonicalAddress=ac-yehvzqq-shard-00-01.a3hcche.mongodb.net:27017, hosts=[ac-yehvzqq-shard-00-00.a3hcche.mongodb.net:27017, ac-yehvzqq-shard-00-01.a3hcche.mongodb.net:27017, ac-yehvzqq-shard-00-02.a3hcche.mongodb.net:27017], passives=[], arbiters=[], primary='ac-yehvzqq-shard-00-02.a3hcche.mongodb.net:27017', tagSet=TagSet{[Tag{name='availabilityZone', value='euc1-az3'}, Tag{name='diskState', value='READY'}, Tag{name='nodeType', value='ELECTABLE'}, Tag{name='provider', value='AWS'}, Tag{name='region', value='EU_CENTRAL_1'}, Tag{name='workloadType', value='OPERATIONAL'}]}, electionId=null, setVersion=88, topologyVersion=TopologyVersion{processId=666353c558ba93608bfefd3f, counter=5}, lastWriteDate=Tue Jun 11 11:21:56 CEST 2024, lastUpdateTimeNanos=1083992341440200}
2024-06-11 11:21:56 - [INFO] - org.mongodb.driver.cluster - Monitor thread successfully connected to server with description ServerDescription{address=ac-yehvzqq-shard-00-00.a3hcche.mongodb.net:27017, type=REPLICA_SET_SECONDARY, state=CONNECTED, ok=true, minWireVersion=0, maxWireVersion=21, maxDocumentSize=16777216, logicalSessionTimeoutMinutes=30, roundTripTimeNanos=451794000, setName='atlas-wl8l0e-shard-0', canonicalAddress=ac-yehvzqq-shard-00-00.a3hcche.mongodb.net:27017, hosts=[ac-yehvzqq-shard-00-00.a3hcche.mongodb.net:27017, ac-yehvzqq-shard-00-01.a3hcche.mongodb.net:27017, ac-yehvzqq-shard-00-02.a3hcche.mongodb.net:27017], passives=[], arbiters=[], primary='ac-yehvzqq-shard-00-02.a3hcche.mongodb.net:27017', tagSet=TagSet{[Tag{name='availabilityZone', value='euc1-az2'}, Tag{name='diskState', value='READY'}, Tag{name='nodeType', value='ELECTABLE'}, Tag{name='provider', value='AWS'}, Tag{name='region', value='EU_CENTRAL_1'}, Tag{name='workloadType', value='OPERATIONAL'}]}, electionId=null, setVersion=88, topologyVersion=TopologyVersion{processId=66635277574b5ec4851870ff, counter=5}, lastWriteDate=Tue Jun 11 11:21:56 CEST 2024, lastUpdateTimeNanos=1083992341440200}
2024-06-11 11:21:56 - [INFO] - org.mongodb.driver.cluster - Monitor thread successfully connected to server with description ServerDescription{address=ac-yehvzqq-shard-00-02.a3hcche.mongodb.net:27017, type=REPLICA_SET_PRIMARY, state=CONNECTED, ok=true, minWireVersion=0, maxWireVersion=21, maxDocumentSize=16777216, logicalSessionTimeoutMinutes=30, roundTripTimeNanos=451840600, setName='atlas-wl8l0e-shard-0', canonicalAddress=ac-yehvzqq-shard-00-02.a3hcche.mongodb.net:27017, hosts=[ac-yehvzqq-shard-00-00.a3hcche.mongodb.net:27017, ac-yehvzqq-shard-00-01.a3hcche.mongodb.net:27017, ac-yehvzqq-shard-00-02.a3hcche.mongodb.net:27017], passives=[], arbiters=[], primary='ac-yehvzqq-shard-00-02.a3hcche.mongodb.net:27017', tagSet=TagSet{[Tag{name='availabilityZone', value='euc1-az1'}, Tag{name='diskState', value='READY'}, Tag{name='nodeType', value='ELECTABLE'}, Tag{name='provider', value='AWS'}, Tag{name='region', value='EU_CENTRAL_1'}, Tag{name='workloadType', value='OPERATIONAL'}]}, electionId=7fffffff0000000000000271, setVersion=88, topologyVersion=TopologyVersion{processId=666351a70ff82a9b51744828, counter=9}, lastWriteDate=Tue Jun 11 11:21:56 CEST 2024, lastUpdateTimeNanos=1083992341484100}
2024-06-11 11:21:56 - [INFO] - org.mongodb.driver.cluster - Discovered replica set primary ac-yehvzqq-shard-00-02.a3hcche.mongodb.net:27017 with max election id 7fffffff0000000000000271 and max set version 88
2024-06-11 11:21:57 - [WARN] - o.s.b.a.s.servlet.UserDetailsServiceAutoConfiguration - 

Using generated security password: d9026720-20d8-40f5-a551-6968e4c54f05

This generated password is for development use only. Your security configuration must be updated before running your application in production.

2024-06-11 11:21:57 - [INFO] - o.s.security.web.DefaultSecurityFilterChain - Will secure any request with [org.springframework.security.web.session.DisableEncodeUrlFilter@19c145d2, org.springframework.security.web.context.request.async.WebAsyncManagerIntegrationFilter@77376e83, org.springframework.security.web.context.SecurityContextHolderFilter@3bc00359, org.springframework.security.web.header.HeaderWriterFilter@84180e2, org.springframework.web.filter.CorsFilter@708f4d81, org.springframework.security.web.authentication.logout.LogoutFilter@28068327, com.tomasdev.akhanta.security.jwt.JwtAuthFilter@4198921f, org.springframework.security.web.savedrequest.RequestCacheAwareFilter@2771e501, org.springframework.security.web.servletapi.SecurityContextHolderAwareRequestFilter@3a7abd4, org.springframework.security.web.authentication.AnonymousAuthenticationFilter@23cf78f9, org.springframework.security.web.session.SessionManagementFilter@2c64e2d0, org.springframework.security.web.access.ExceptionTranslationFilter@1be6c991, org.springframework.security.web.access.intercept.AuthorizationFilter@3d5a6849]
2024-06-11 11:21:58 - [INFO] - o.s.boot.web.embedded.tomcat.TomcatWebServer - Tomcat started on port 8080 (http) with context path ''
2024-06-11 11:21:58 - [INFO] - com.tomasdev.akhanta.RestApiApplication - Started RestApiApplication in 11.176 seconds (process running for 12.147)
2024-06-11 11:23:50 - [INFO] - o.a.c.core.ContainerBase.[Tomcat].[localhost].[/] - Initializing Spring DispatcherServlet 'dispatcherServlet'
2024-06-11 11:23:50 - [INFO] - org.springframework.web.servlet.DispatcherServlet - Initializing Servlet 'dispatcherServlet'
2024-06-11 11:23:50 - [INFO] - org.springframework.web.servlet.DispatcherServlet - Completed initialization in 0 ms
2024-06-11 11:24:01 - [INFO] - com.tomasdev.akhanta.users.shop.ShopServiceImpl - [ Registering shop email: shop2@cambalache.com ]
2024-06-11 11:30:25 - [INFO] - org.mongodb.driver.cluster - Exception in monitor thread while connecting to server ac-yehvzqq-shard-00-01.a3hcche.mongodb.net:27017
com.mongodb.MongoSocketReadException: Exception receiving message
	at com.mongodb.internal.connection.InternalStreamConnection.translateReadException(InternalStreamConnection.java:730)
	at com.mongodb.internal.connection.InternalStreamConnection.receiveMessageWithAdditionalTimeout(InternalStreamConnection.java:606)
	at com.mongodb.internal.connection.InternalStreamConnection.receiveCommandMessageResponse(InternalStreamConnection.java:451)
	at com.mongodb.internal.connection.InternalStreamConnection.receive(InternalStreamConnection.java:404)
	at com.mongodb.internal.connection.DefaultServerMonitor$ServerMonitorRunnable.lookupServerDescription(DefaultServerMonitor.java:224)
	at com.mongodb.internal.connection.DefaultServerMonitor$ServerMonitorRunnable.run(DefaultServerMonitor.java:156)
	at java.base/java.lang.Thread.run(Thread.java:1570)
Caused by: java.net.SocketException: Connection reset
	at java.base/sun.nio.ch.NioSocketImpl.implRead(NioSocketImpl.java:318)
	at java.base/sun.nio.ch.NioSocketImpl.read(NioSocketImpl.java:346)
	at java.base/sun.nio.ch.NioSocketImpl$1.read(NioSocketImpl.java:796)
	at java.base/java.net.Socket$SocketInputStream.implRead(Socket.java:1108)
	at java.base/java.net.Socket$SocketInputStream.read(Socket.java:1095)
	at java.base/sun.security.ssl.SSLSocketInputRecord.read(SSLSocketInputRecord.java:489)
	at java.base/sun.security.ssl.SSLSocketInputRecord.readHeader(SSLSocketInputRecord.java:483)
	at java.base/sun.security.ssl.SSLSocketInputRecord.bytesInCompletePacket(SSLSocketInputRecord.java:70)
	at java.base/sun.security.ssl.SSLSocketImpl.readApplicationRecord(SSLSocketImpl.java:1462)
	at java.base/sun.security.ssl.SSLSocketImpl$AppInputStream.read(SSLSocketImpl.java:1068)
	at com.mongodb.internal.connection.SocketStream.read(SocketStream.java:175)
	at com.mongodb.internal.connection.SocketStream.read(SocketStream.java:200)
	at com.mongodb.internal.connection.InternalStreamConnection.receiveResponseBuffers(InternalStreamConnection.java:739)
	at com.mongodb.internal.connection.InternalStreamConnection.receiveMessageWithAdditionalTimeout(InternalStreamConnection.java:603)
	... 5 common frames omitted
2024-06-11 11:30:25 - [INFO] - org.mongodb.driver.cluster - Exception in monitor thread while connecting to server ac-yehvzqq-shard-00-00.a3hcche.mongodb.net:27017
com.mongodb.MongoSocketReadException: Exception receiving message
	at com.mongodb.internal.connection.InternalStreamConnection.translateReadException(InternalStreamConnection.java:730)
	at com.mongodb.internal.connection.InternalStreamConnection.receiveMessageWithAdditionalTimeout(InternalStreamConnection.java:606)
	at com.mongodb.internal.connection.InternalStreamConnection.receiveCommandMessageResponse(InternalStreamConnection.java:451)
	at com.mongodb.internal.connection.InternalStreamConnection.receive(InternalStreamConnection.java:404)
	at com.mongodb.internal.connection.DefaultServerMonitor$ServerMonitorRunnable.lookupServerDescription(DefaultServerMonitor.java:224)
	at com.mongodb.internal.connection.DefaultServerMonitor$ServerMonitorRunnable.run(DefaultServerMonitor.java:156)
	at java.base/java.lang.Thread.run(Thread.java:1570)
Caused by: java.net.SocketException: Connection reset
	at java.base/sun.nio.ch.NioSocketImpl.implRead(NioSocketImpl.java:318)
	at java.base/sun.nio.ch.NioSocketImpl.read(NioSocketImpl.java:346)
	at java.base/sun.nio.ch.NioSocketImpl$1.read(NioSocketImpl.java:796)
	at java.base/java.net.Socket$SocketInputStream.implRead(Socket.java:1108)
	at java.base/java.net.Socket$SocketInputStream.read(Socket.java:1095)
	at java.base/sun.security.ssl.SSLSocketInputRecord.read(SSLSocketInputRecord.java:489)
	at java.base/sun.security.ssl.SSLSocketInputRecord.readHeader(SSLSocketInputRecord.java:483)
	at java.base/sun.security.ssl.SSLSocketInputRecord.bytesInCompletePacket(SSLSocketInputRecord.java:70)
	at java.base/sun.security.ssl.SSLSocketImpl.readApplicationRecord(SSLSocketImpl.java:1462)
	at java.base/sun.security.ssl.SSLSocketImpl$AppInputStream.read(SSLSocketImpl.java:1068)
	at com.mongodb.internal.connection.SocketStream.read(SocketStream.java:175)
	at com.mongodb.internal.connection.SocketStream.read(SocketStream.java:200)
	at com.mongodb.internal.connection.InternalStreamConnection.receiveResponseBuffers(InternalStreamConnection.java:739)
	at com.mongodb.internal.connection.InternalStreamConnection.receiveMessageWithAdditionalTimeout(InternalStreamConnection.java:603)
	... 5 common frames omitted
2024-06-11 11:30:25 - [INFO] - org.mongodb.driver.cluster - Exception in monitor thread while connecting to server ac-yehvzqq-shard-00-02.a3hcche.mongodb.net:27017
com.mongodb.MongoSocketReadException: Exception receiving message
	at com.mongodb.internal.connection.InternalStreamConnection.translateReadException(InternalStreamConnection.java:730)
	at com.mongodb.internal.connection.InternalStreamConnection.receiveMessageWithAdditionalTimeout(InternalStreamConnection.java:606)
	at com.mongodb.internal.connection.InternalStreamConnection.receiveCommandMessageResponse(InternalStreamConnection.java:451)
	at com.mongodb.internal.connection.InternalStreamConnection.receive(InternalStreamConnection.java:404)
	at com.mongodb.internal.connection.DefaultServerMonitor$ServerMonitorRunnable.lookupServerDescription(DefaultServerMonitor.java:224)
	at com.mongodb.internal.connection.DefaultServerMonitor$ServerMonitorRunnable.run(DefaultServerMonitor.java:156)
	at java.base/java.lang.Thread.run(Thread.java:1570)
Caused by: java.net.SocketException: Connection reset
	at java.base/sun.nio.ch.NioSocketImpl.implRead(NioSocketImpl.java:318)
	at java.base/sun.nio.ch.NioSocketImpl.read(NioSocketImpl.java:346)
	at java.base/sun.nio.ch.NioSocketImpl$1.read(NioSocketImpl.java:796)
	at java.base/java.net.Socket$SocketInputStream.implRead(Socket.java:1108)
	at java.base/java.net.Socket$SocketInputStream.read(Socket.java:1095)
	at java.base/sun.security.ssl.SSLSocketInputRecord.read(SSLSocketInputRecord.java:489)
	at java.base/sun.security.ssl.SSLSocketInputRecord.readHeader(SSLSocketInputRecord.java:483)
	at java.base/sun.security.ssl.SSLSocketInputRecord.bytesInCompletePacket(SSLSocketInputRecord.java:70)
	at java.base/sun.security.ssl.SSLSocketImpl.readApplicationRecord(SSLSocketImpl.java:1462)
	at java.base/sun.security.ssl.SSLSocketImpl$AppInputStream.read(SSLSocketImpl.java:1068)
	at com.mongodb.internal.connection.SocketStream.read(SocketStream.java:175)
	at com.mongodb.internal.connection.SocketStream.read(SocketStream.java:200)
	at com.mongodb.internal.connection.InternalStreamConnection.receiveResponseBuffers(InternalStreamConnection.java:739)
	at com.mongodb.internal.connection.InternalStreamConnection.receiveMessageWithAdditionalTimeout(InternalStreamConnection.java:603)
	... 5 common frames omitted
2024-06-11 11:30:25 - [INFO] - org.mongodb.driver.cluster - Exception in monitor thread while connecting to server ac-yehvzqq-shard-00-00.a3hcche.mongodb.net:27017
com.mongodb.MongoSocketException: Host desconocido (ac-yehvzqq-shard-00-00.a3hcche.mongodb.net)
	at com.mongodb.ServerAddress.getSocketAddresses(ServerAddress.java:221)
	at com.mongodb.internal.connection.ServerAddressWithResolver.getSocketAddresses(ServerAddressWithResolver.java:68)
	at com.mongodb.internal.connection.SocketStream.initializeSocket(SocketStream.java:100)
	at com.mongodb.internal.connection.SocketStream.open(SocketStream.java:78)
	at com.mongodb.internal.connection.InternalStreamConnection.open(InternalStreamConnection.java:211)
	at com.mongodb.internal.connection.DefaultServerMonitor$ServerMonitorRunnable.lookupServerDescription(DefaultServerMonitor.java:196)
	at com.mongodb.internal.connection.DefaultServerMonitor$ServerMonitorRunnable.run(DefaultServerMonitor.java:156)
	at java.base/java.lang.Thread.run(Thread.java:1570)
Caused by: java.net.UnknownHostException: Host desconocido (ac-yehvzqq-shard-00-00.a3hcche.mongodb.net)
	at java.base/java.net.Inet6AddressImpl.lookupAllHostAddr(Native Method)
	at java.base/java.net.Inet6AddressImpl.lookupAllHostAddr(Inet6AddressImpl.java:52)
	at java.base/java.net.InetAddress$PlatformResolver.lookupByName(InetAddress.java:1221)
	at java.base/java.net.InetAddress.getAddressesFromNameService(InetAddress.java:1816)
	at java.base/java.net.InetAddress$NameServiceAddresses.get(InetAddress.java:1149)
	at java.base/java.net.InetAddress.getAllByName0(InetAddress.java:1806)
	at java.base/java.net.InetAddress.getAllByName(InetAddress.java:1676)
	at com.mongodb.ServerAddress.getSocketAddresses(ServerAddress.java:213)
	... 7 common frames omitted
2024-06-11 11:30:25 - [INFO] - org.mongodb.driver.cluster - Exception in monitor thread while connecting to server ac-yehvzqq-shard-00-02.a3hcche.mongodb.net:27017
com.mongodb.MongoSocketException: Host desconocido (ac-yehvzqq-shard-00-02.a3hcche.mongodb.net)
	at com.mongodb.ServerAddress.getSocketAddresses(ServerAddress.java:221)
	at com.mongodb.internal.connection.ServerAddressWithResolver.getSocketAddresses(ServerAddressWithResolver.java:68)
	at com.mongodb.internal.connection.SocketStream.initializeSocket(SocketStream.java:100)
	at com.mongodb.internal.connection.SocketStream.open(SocketStream.java:78)
	at com.mongodb.internal.connection.InternalStreamConnection.open(InternalStreamConnection.java:211)
	at com.mongodb.internal.connection.DefaultServerMonitor$ServerMonitorRunnable.lookupServerDescription(DefaultServerMonitor.java:196)
	at com.mongodb.internal.connection.DefaultServerMonitor$ServerMonitorRunnable.run(DefaultServerMonitor.java:156)
	at java.base/java.lang.Thread.run(Thread.java:1570)
Caused by: java.net.UnknownHostException: Host desconocido (ac-yehvzqq-shard-00-02.a3hcche.mongodb.net)
	at java.base/java.net.Inet6AddressImpl.lookupAllHostAddr(Native Method)
	at java.base/java.net.Inet6AddressImpl.lookupAllHostAddr(Inet6AddressImpl.java:52)
	at java.base/java.net.InetAddress$PlatformResolver.lookupByName(InetAddress.java:1221)
	at java.base/java.net.InetAddress.getAddressesFromNameService(InetAddress.java:1816)
	at java.base/java.net.InetAddress$NameServiceAddresses.get(InetAddress.java:1149)
	at java.base/java.net.InetAddress.getAllByName0(InetAddress.java:1806)
	at java.base/java.net.InetAddress.getAllByName(InetAddress.java:1676)
	at com.mongodb.ServerAddress.getSocketAddresses(ServerAddress.java:213)
	... 7 common frames omitted
2024-06-11 11:30:25 - [INFO] - org.mongodb.driver.cluster - Exception in monitor thread while connecting to server ac-yehvzqq-shard-00-01.a3hcche.mongodb.net:27017
com.mongodb.MongoSocketException: Host desconocido (ac-yehvzqq-shard-00-01.a3hcche.mongodb.net)
	at com.mongodb.ServerAddress.getSocketAddresses(ServerAddress.java:221)
	at com.mongodb.internal.connection.ServerAddressWithResolver.getSocketAddresses(ServerAddressWithResolver.java:68)
	at com.mongodb.internal.connection.SocketStream.initializeSocket(SocketStream.java:100)
	at com.mongodb.internal.connection.SocketStream.open(SocketStream.java:78)
	at com.mongodb.internal.connection.InternalStreamConnection.open(InternalStreamConnection.java:211)
	at com.mongodb.internal.connection.DefaultServerMonitor$ServerMonitorRunnable.lookupServerDescription(DefaultServerMonitor.java:196)
	at com.mongodb.internal.connection.DefaultServerMonitor$ServerMonitorRunnable.run(DefaultServerMonitor.java:156)
	at java.base/java.lang.Thread.run(Thread.java:1570)
Caused by: java.net.UnknownHostException: Host desconocido (ac-yehvzqq-shard-00-01.a3hcche.mongodb.net)
	at java.base/java.net.Inet6AddressImpl.lookupAllHostAddr(Native Method)
	at java.base/java.net.Inet6AddressImpl.lookupAllHostAddr(Inet6AddressImpl.java:52)
	at java.base/java.net.InetAddress$PlatformResolver.lookupByName(InetAddress.java:1221)
	at java.base/java.net.InetAddress.getAddressesFromNameService(InetAddress.java:1816)
	at java.base/java.net.InetAddress$NameServiceAddresses.get(InetAddress.java:1149)
	at java.base/java.net.InetAddress.getAllByName0(InetAddress.java:1806)
	at java.base/java.net.InetAddress.getAllByName(InetAddress.java:1676)
	at com.mongodb.ServerAddress.getSocketAddresses(ServerAddress.java:213)
	... 7 common frames omitted
2024-06-11 11:30:35 - [INFO] - org.mongodb.driver.cluster - Exception in monitor thread while connecting to server ac-yehvzqq-shard-00-02.a3hcche.mongodb.net:27017
com.mongodb.MongoSocketException: ac-yehvzqq-shard-00-02.a3hcche.mongodb.net
	at com.mongodb.ServerAddress.getSocketAddresses(ServerAddress.java:221)
	at com.mongodb.internal.connection.ServerAddressWithResolver.getSocketAddresses(ServerAddressWithResolver.java:68)
	at com.mongodb.internal.connection.SocketStream.initializeSocket(SocketStream.java:100)
	at com.mongodb.internal.connection.SocketStream.open(SocketStream.java:78)
	at com.mongodb.internal.connection.InternalStreamConnection.open(InternalStreamConnection.java:211)
	at com.mongodb.internal.connection.DefaultServerMonitor$ServerMonitorRunnable.lookupServerDescription(DefaultServerMonitor.java:196)
	at com.mongodb.internal.connection.DefaultServerMonitor$ServerMonitorRunnable.run(DefaultServerMonitor.java:156)
	at java.base/java.lang.Thread.run(Thread.java:1570)
Caused by: java.net.UnknownHostException: ac-yehvzqq-shard-00-02.a3hcche.mongodb.net
	at java.base/java.net.InetAddress$CachedLookup.get(InetAddress.java:998)
	at java.base/java.net.InetAddress.getAllByName0(InetAddress.java:1806)
	at java.base/java.net.InetAddress.getAllByName(InetAddress.java:1676)
	at com.mongodb.ServerAddress.getSocketAddresses(ServerAddress.java:213)
	... 7 common frames omitted
2024-06-11 11:30:45 - [INFO] - org.mongodb.driver.cluster - Monitor thread successfully connected to server with description ServerDescription{address=ac-yehvzqq-shard-00-00.a3hcche.mongodb.net:27017, type=REPLICA_SET_SECONDARY, state=CONNECTED, ok=true, minWireVersion=0, maxWireVersion=21, maxDocumentSize=16777216, logicalSessionTimeoutMinutes=30, roundTripTimeNanos=64932300, setName='atlas-wl8l0e-shard-0', canonicalAddress=ac-yehvzqq-shard-00-00.a3hcche.mongodb.net:27017, hosts=[ac-yehvzqq-shard-00-00.a3hcche.mongodb.net:27017, ac-yehvzqq-shard-00-01.a3hcche.mongodb.net:27017, ac-yehvzqq-shard-00-02.a3hcche.mongodb.net:27017], passives=[], arbiters=[], primary='ac-yehvzqq-shard-00-02.a3hcche.mongodb.net:27017', tagSet=TagSet{[Tag{name='availabilityZone', value='euc1-az2'}, Tag{name='diskState', value='READY'}, Tag{name='nodeType', value='ELECTABLE'}, Tag{name='provider', value='AWS'}, Tag{name='region', value='EU_CENTRAL_1'}, Tag{name='workloadType', value='OPERATIONAL'}]}, electionId=null, setVersion=88, topologyVersion=TopologyVersion{processId=66635277574b5ec4851870ff, counter=5}, lastWriteDate=Tue Jun 11 11:30:45 CEST 2024, lastUpdateTimeNanos=1084521461765700}
2024-06-11 11:30:45 - [INFO] - org.mongodb.driver.cluster - Monitor thread successfully connected to server with description ServerDescription{address=ac-yehvzqq-shard-00-01.a3hcche.mongodb.net:27017, type=REPLICA_SET_SECONDARY, state=CONNECTED, ok=true, minWireVersion=0, maxWireVersion=21, maxDocumentSize=16777216, logicalSessionTimeoutMinutes=30, roundTripTimeNanos=58198000, setName='atlas-wl8l0e-shard-0', canonicalAddress=ac-yehvzqq-shard-00-01.a3hcche.mongodb.net:27017, hosts=[ac-yehvzqq-shard-00-00.a3hcche.mongodb.net:27017, ac-yehvzqq-shard-00-01.a3hcche.mongodb.net:27017, ac-yehvzqq-shard-00-02.a3hcche.mongodb.net:27017], passives=[], arbiters=[], primary='ac-yehvzqq-shard-00-02.a3hcche.mongodb.net:27017', tagSet=TagSet{[Tag{name='availabilityZone', value='euc1-az3'}, Tag{name='diskState', value='READY'}, Tag{name='nodeType', value='ELECTABLE'}, Tag{name='provider', value='AWS'}, Tag{name='region', value='EU_CENTRAL_1'}, Tag{name='workloadType', value='OPERATIONAL'}]}, electionId=null, setVersion=88, topologyVersion=TopologyVersion{processId=666353c558ba93608bfefd3f, counter=5}, lastWriteDate=Tue Jun 11 11:30:45 CEST 2024, lastUpdateTimeNanos=1084521481696200}
2024-06-11 11:30:45 - [INFO] - org.mongodb.driver.cluster - Monitor thread successfully connected to server with description ServerDescription{address=ac-yehvzqq-shard-00-02.a3hcche.mongodb.net:27017, type=REPLICA_SET_PRIMARY, state=CONNECTED, ok=true, minWireVersion=0, maxWireVersion=21, maxDocumentSize=16777216, logicalSessionTimeoutMinutes=30, roundTripTimeNanos=62822800, setName='atlas-wl8l0e-shard-0', canonicalAddress=ac-yehvzqq-shard-00-02.a3hcche.mongodb.net:27017, hosts=[ac-yehvzqq-shard-00-00.a3hcche.mongodb.net:27017, ac-yehvzqq-shard-00-01.a3hcche.mongodb.net:27017, ac-yehvzqq-shard-00-02.a3hcche.mongodb.net:27017], passives=[], arbiters=[], primary='ac-yehvzqq-shard-00-02.a3hcche.mongodb.net:27017', tagSet=TagSet{[Tag{name='availabilityZone', value='euc1-az1'}, Tag{name='diskState', value='READY'}, Tag{name='nodeType', value='ELECTABLE'}, Tag{name='provider', value='AWS'}, Tag{name='region', value='EU_CENTRAL_1'}, Tag{name='workloadType', value='OPERATIONAL'}]}, electionId=7fffffff0000000000000271, setVersion=88, topologyVersion=TopologyVersion{processId=666351a70ff82a9b51744828, counter=9}, lastWriteDate=Tue Jun 11 11:30:45 CEST 2024, lastUpdateTimeNanos=1084521484601900}
2024-06-11 11:30:45 - [INFO] - org.mongodb.driver.cluster - Discovered replica set primary ac-yehvzqq-shard-00-02.a3hcche.mongodb.net:27017 with max election id 7fffffff0000000000000271 and max set version 88
2024-06-11 11:37:42 - [INFO] - c.tomasdev.akhanta.users.customer.CustomerServiceImpl - [ Registering customer email: juangarcia@gmail.com ]
2024-06-11 12:15:55 - [INFO] - o.s.orm.jpa.LocalContainerEntityManagerFactoryBean - Closing JPA EntityManagerFactory for persistence unit 'default'
2024-06-11 12:15:55 - [INFO] - com.zaxxer.hikari.HikariDataSource - HikariPool-1 - Shutdown initiated...
2024-06-11 12:15:55 - [INFO] - com.zaxxer.hikari.HikariDataSource - HikariPool-1 - Shutdown completed.
